{"/home/traning/Videos/Personalized-Emailer/projectPmMailer /server/express/index.js":{"path":"/home/traning/Videos/Personalized-Emailer/projectPmMailer /server/express/index.js","statementMap":{"0":{"start":{"line":2,"column":16},"end":{"line":2,"column":34}},"1":{"start":{"line":3,"column":12},"end":{"line":3,"column":21}},"2":{"start":{"line":4,"column":17},"end":{"line":4,"column":36}},"3":{"start":{"line":5,"column":13},"end":{"line":5,"column":28}},"4":{"start":{"line":6,"column":19},"end":{"line":6,"column":41}},"5":{"start":{"line":7,"column":17},"end":{"line":7,"column":36}},"6":{"start":{"line":8,"column":16},"end":{"line":8,"column":42}},"7":{"start":{"line":11,"column":15},"end":{"line":11,"column":43}},"8":{"start":{"line":12,"column":15},"end":{"line":12,"column":47}},"9":{"start":{"line":13,"column":18},"end":{"line":13,"column":47}},"10":{"start":{"line":14,"column":15},"end":{"line":14,"column":40}},"11":{"start":{"line":16,"column":22},"end":{"line":16,"column":56}},"12":{"start":{"line":17,"column":15},"end":{"line":17,"column":39}},"13":{"start":{"line":18,"column":14},"end":{"line":18,"column":30}},"14":{"start":{"line":19,"column":15},"end":{"line":19,"column":32}},"15":{"start":{"line":20,"column":21},"end":{"line":20,"column":45}},"16":{"start":{"line":23,"column":16},"end":{"line":23,"column":49}},"17":{"start":{"line":24,"column":11},"end":{"line":24,"column":26}},"18":{"start":{"line":27,"column":0},"end":{"line":27,"column":16}},"19":{"start":{"line":30,"column":0},"end":{"line":34,"column":4}},"20":{"start":{"line":37,"column":0},"end":{"line":37,"column":31}},"21":{"start":{"line":38,"column":0},"end":{"line":38,"column":28}},"22":{"start":{"line":41,"column":0},"end":{"line":41,"column":27}},"23":{"start":{"line":42,"column":0},"end":{"line":42,"column":52}},"24":{"start":{"line":43,"column":0},"end":{"line":43,"column":47}},"25":{"start":{"line":44,"column":0},"end":{"line":44,"column":51}},"26":{"start":{"line":45,"column":0},"end":{"line":45,"column":24}},"27":{"start":{"line":46,"column":0},"end":{"line":46,"column":21}},"28":{"start":{"line":49,"column":0},"end":{"line":51,"column":3}},"29":{"start":{"line":50,"column":4},"end":{"line":50,"column":61}},"30":{"start":{"line":53,"column":0},"end":{"line":53,"column":21}}},"fnMap":{"0":{"name":"(anonymous_0)","decl":{"start":{"line":49,"column":24},"end":{"line":49,"column":25}},"loc":{"start":{"line":49,"column":30},"end":{"line":51,"column":1}},"line":49}},"branchMap":{},"s":{"0":1,"1":1,"2":1,"3":1,"4":1,"5":1,"6":1,"7":1,"8":1,"9":1,"10":1,"11":1,"12":1,"13":1,"14":1,"15":1,"16":1,"17":1,"18":1,"19":1,"20":1,"21":1,"22":1,"23":1,"24":1,"25":1,"26":1,"27":1,"28":1,"29":0,"30":1},"f":{"0":0},"b":{},"_coverageSchema":"332fd63041d2c1bcb487cc26dd0d5f7d97098a6c","hash":"521a48e90102fbcb964130c116922824c56b509c","contentHash":"8e9bbcb2c843940f6da80af5978c342b_11.2.1"},"/home/traning/Videos/Personalized-Emailer/projectPmMailer /server/express/config/database.js":{"path":"/home/traning/Videos/Personalized-Emailer/projectPmMailer /server/express/config/database.js","statementMap":{"0":{"start":{"line":1,"column":0},"end":{"line":5,"column":1}}},"fnMap":{},"branchMap":{},"s":{"0":1},"f":{},"b":{},"_coverageSchema":"332fd63041d2c1bcb487cc26dd0d5f7d97098a6c","hash":"71fec579c8e9f99c8f76e5a8f318596b702914d7","contentHash":"37101da52ae3f271b2b893cae1a0998f_11.2.1"},"/home/traning/Videos/Personalized-Emailer/projectPmMailer /server/express/services/app.logger.js":{"path":"/home/traning/Videos/Personalized-Emailer/projectPmMailer /server/express/services/app.logger.js","statementMap":{"0":{"start":{"line":2,"column":15},"end":{"line":2,"column":32}},"1":{"start":{"line":5,"column":21},"end":{"line":5,"column":48}},"2":{"start":{"line":8,"column":0},"end":{"line":8,"column":31}},"3":{"start":{"line":11,"column":15},"end":{"line":11,"column":33}},"4":{"start":{"line":14,"column":0},"end":{"line":14,"column":24}}},"fnMap":{},"branchMap":{},"s":{"0":1,"1":1,"2":1,"3":1,"4":1},"f":{},"b":{},"_coverageSchema":"332fd63041d2c1bcb487cc26dd0d5f7d97098a6c","hash":"28b450ee8ef22288ab84d12ebbc8e25726a509de","contentHash":"e388262c53bab6c5a2714406d679a825_11.2.1"},"/home/traning/Videos/Personalized-Emailer/projectPmMailer /server/express/config/logger.js":{"path":"/home/traning/Videos/Personalized-Emailer/projectPmMailer /server/express/config/logger.js","statementMap":{"0":{"start":{"line":1,"column":0},"end":{"line":25,"column":2}}},"fnMap":{},"branchMap":{},"s":{"0":1},"f":{},"b":{},"_coverageSchema":"332fd63041d2c1bcb487cc26dd0d5f7d97098a6c","hash":"15a6818d6c2922e949f4660256bc66821cd2cc61","contentHash":"5f7d382544bd5dc9b264cad5973a572e_11.2.1"},"/home/traning/Videos/Personalized-Emailer/projectPmMailer /server/express/config/configure.js":{"path":"/home/traning/Videos/Personalized-Emailer/projectPmMailer /server/express/config/configure.js","statementMap":{"0":{"start":{"line":2,"column":0},"end":{"line":10,"column":1}}},"fnMap":{},"branchMap":{},"s":{"0":1},"f":{},"b":{},"_coverageSchema":"332fd63041d2c1bcb487cc26dd0d5f7d97098a6c","hash":"53d32e9775bb2da0bd969bb29f2f10a6861b7375","contentHash":"a4ab6fadb4550125743c332a5be6efa5_11.2.1"},"/home/traning/Videos/Personalized-Emailer/projectPmMailer /server/express/routes/route.js":{"path":"/home/traning/Videos/Personalized-Emailer/projectPmMailer /server/express/routes/route.js","statementMap":{"0":{"start":{"line":2,"column":15},"end":{"line":2,"column":44}},"1":{"start":{"line":3,"column":18},"end":{"line":3,"column":48}},"2":{"start":{"line":4,"column":22},"end":{"line":4,"column":56}},"3":{"start":{"line":5,"column":15},"end":{"line":5,"column":39}},"4":{"start":{"line":6,"column":14},"end":{"line":6,"column":30}},"5":{"start":{"line":7,"column":15},"end":{"line":7,"column":32}},"6":{"start":{"line":8,"column":14},"end":{"line":8,"column":38}},"7":{"start":{"line":9,"column":15},"end":{"line":9,"column":48}},"8":{"start":{"line":10,"column":21},"end":{"line":10,"column":45}},"9":{"start":{"line":11,"column":16},"end":{"line":11,"column":34}},"10":{"start":{"line":12,"column":12},"end":{"line":12,"column":21}},"11":{"start":{"line":13,"column":15},"end":{"line":13,"column":31}},"12":{"start":{"line":14,"column":23},"end":{"line":14,"column":48}},"13":{"start":{"line":15,"column":22},"end":{"line":15,"column":55}},"14":{"start":{"line":16,"column":25},"end":{"line":16,"column":52}},"15":{"start":{"line":17,"column":15},"end":{"line":17,"column":34}},"16":{"start":{"line":18,"column":14},"end":{"line":18,"column":32}},"17":{"start":{"line":19,"column":22},"end":{"line":19,"column":48}},"18":{"start":{"line":20,"column":15},"end":{"line":20,"column":34}},"19":{"start":{"line":21,"column":19},"end":{"line":21,"column":42}},"20":{"start":{"line":22,"column":21},"end":{"line":22,"column":46}},"21":{"start":{"line":23,"column":15},"end":{"line":23,"column":34}},"22":{"start":{"line":24,"column":17},"end":{"line":24,"column":37}},"23":{"start":{"line":25,"column":19},"end":{"line":25,"column":42}},"24":{"start":{"line":26,"column":14},"end":{"line":26,"column":32}},"25":{"start":{"line":27,"column":15},"end":{"line":27,"column":34}},"26":{"start":{"line":30,"column":0},"end":{"line":30,"column":27}},"27":{"start":{"line":31,"column":0},"end":{"line":31,"column":25}},"28":{"start":{"line":32,"column":0},"end":{"line":32,"column":36}},"29":{"start":{"line":33,"column":0},"end":{"line":33,"column":27}},"30":{"start":{"line":34,"column":0},"end":{"line":34,"column":28}},"31":{"start":{"line":35,"column":0},"end":{"line":35,"column":26}},"32":{"start":{"line":36,"column":0},"end":{"line":36,"column":35}},"33":{"start":{"line":37,"column":0},"end":{"line":37,"column":39}},"34":{"start":{"line":38,"column":0},"end":{"line":38,"column":26}},"35":{"start":{"line":39,"column":0},"end":{"line":39,"column":36}},"36":{"start":{"line":40,"column":0},"end":{"line":40,"column":27}},"37":{"start":{"line":42,"column":0},"end":{"line":42,"column":21}}},"fnMap":{},"branchMap":{},"s":{"0":1,"1":1,"2":1,"3":1,"4":1,"5":1,"6":1,"7":1,"8":1,"9":1,"10":1,"11":1,"12":1,"13":1,"14":1,"15":1,"16":1,"17":1,"18":1,"19":1,"20":1,"21":1,"22":1,"23":1,"24":1,"25":1,"26":1,"27":1,"28":1,"29":1,"30":1,"31":1,"32":1,"33":1,"34":1,"35":1,"36":1,"37":1},"f":{},"b":{},"_coverageSchema":"332fd63041d2c1bcb487cc26dd0d5f7d97098a6c","hash":"8efc6f76ea6dcd4e318caf612b155798af97636e","contentHash":"d81f9b24f8522da4a33470872d3d23b2_11.2.1"},"/home/traning/Videos/Personalized-Emailer/projectPmMailer /server/express/auth/google.js":{"path":"/home/traning/Videos/Personalized-Emailer/projectPmMailer /server/express/auth/google.js","statementMap":{"0":{"start":{"line":1,"column":17},"end":{"line":1,"column":36}},"1":{"start":{"line":2,"column":13},"end":{"line":2,"column":43}},"2":{"start":{"line":3,"column":23},"end":{"line":3,"column":65}},"3":{"start":{"line":4,"column":15},"end":{"line":4,"column":46}},"4":{"start":{"line":6,"column":0},"end":{"line":31,"column":8}},"5":{"start":{"line":14,"column":28},"end":{"line":17,"column":10}},"6":{"start":{"line":20,"column":8},"end":{"line":30,"column":11}},"7":{"start":{"line":21,"column":12},"end":{"line":29,"column":13}},"8":{"start":{"line":22,"column":16},"end":{"line":25,"column":19}},"9":{"start":{"line":23,"column":20},"end":{"line":23,"column":46}},"10":{"start":{"line":23,"column":29},"end":{"line":23,"column":46}},"11":{"start":{"line":24,"column":20},"end":{"line":24,"column":44}},"12":{"start":{"line":28,"column":16},"end":{"line":28,"column":33}},"13":{"start":{"line":32,"column":0},"end":{"line":32,"column":15}}},"fnMap":{"0":{"name":"(anonymous_0)","decl":{"start":{"line":12,"column":4},"end":{"line":12,"column":5}},"loc":{"start":{"line":12,"column":55},"end":{"line":31,"column":5}},"line":12},"1":{"name":"(anonymous_1)","decl":{"start":{"line":20,"column":51},"end":{"line":20,"column":52}},"loc":{"start":{"line":20,"column":71},"end":{"line":30,"column":9}},"line":20},"2":{"name":"(anonymous_2)","decl":{"start":{"line":22,"column":33},"end":{"line":22,"column":34}},"loc":{"start":{"line":22,"column":60},"end":{"line":25,"column":17}},"line":22}},"branchMap":{"0":{"loc":{"start":{"line":21,"column":12},"end":{"line":29,"column":13}},"type":"if","locations":[{"start":{"line":21,"column":12},"end":{"line":29,"column":13}},{"start":{"line":21,"column":12},"end":{"line":29,"column":13}}],"line":21},"1":{"loc":{"start":{"line":23,"column":20},"end":{"line":23,"column":46}},"type":"if","locations":[{"start":{"line":23,"column":20},"end":{"line":23,"column":46}},{"start":{"line":23,"column":20},"end":{"line":23,"column":46}}],"line":23}},"s":{"0":1,"1":1,"2":1,"3":1,"4":1,"5":0,"6":0,"7":0,"8":0,"9":0,"10":0,"11":0,"12":0,"13":1},"f":{"0":0,"1":0,"2":0},"b":{"0":[0,0],"1":[0,0]},"_coverageSchema":"332fd63041d2c1bcb487cc26dd0d5f7d97098a6c","hash":"9cc7ae5731b7a2eebfc96f2e8f2bab9b738d60fe","contentHash":"758f6ef9236da9db55ca1ec2ff99d343_11.2.1"},"/home/traning/Videos/Personalized-Emailer/projectPmMailer /server/express/models/userModel.js":{"path":"/home/traning/Videos/Personalized-Emailer/projectPmMailer /server/express/models/userModel.js","statementMap":{"0":{"start":{"line":2,"column":17},"end":{"line":2,"column":36}},"1":{"start":{"line":3,"column":15},"end":{"line":3,"column":30}},"2":{"start":{"line":4,"column":15},"end":{"line":4,"column":39}},"3":{"start":{"line":5,"column":16},"end":{"line":5,"column":46}},"4":{"start":{"line":6,"column":17},"end":{"line":6,"column":46}},"5":{"start":{"line":8,"column":17},"end":{"line":22,"column":2}},"6":{"start":{"line":23,"column":0},"end":{"line":33,"column":3}},"7":{"start":{"line":24,"column":14},"end":{"line":27,"column":5}},"8":{"start":{"line":28,"column":4},"end":{"line":29,"column":36}},"9":{"start":{"line":29,"column":8},"end":{"line":29,"column":35}},"10":{"start":{"line":31,"column":4},"end":{"line":31,"column":11}},"11":{"start":{"line":35,"column":0},"end":{"line":44,"column":2}},"12":{"start":{"line":36,"column":15},"end":{"line":36,"column":19}},"13":{"start":{"line":37,"column":4},"end":{"line":42,"column":7}},"14":{"start":{"line":38,"column":8},"end":{"line":38,"column":55}},"15":{"start":{"line":38,"column":17},"end":{"line":38,"column":55}},"16":{"start":{"line":39,"column":8},"end":{"line":39,"column":29}},"17":{"start":{"line":40,"column":8},"end":{"line":40,"column":34}},"18":{"start":{"line":41,"column":8},"end":{"line":41,"column":15}},"19":{"start":{"line":45,"column":0},"end":{"line":48,"column":3}},"20":{"start":{"line":50,"column":0},"end":{"line":57,"column":2}},"21":{"start":{"line":51,"column":4},"end":{"line":56,"column":7}},"22":{"start":{"line":52,"column":8},"end":{"line":54,"column":9}},"23":{"start":{"line":53,"column":12},"end":{"line":53,"column":27}},"24":{"start":{"line":55,"column":8},"end":{"line":55,"column":26}},"25":{"start":{"line":59,"column":0},"end":{"line":59,"column":52}}},"fnMap":{"0":{"name":"(anonymous_0)","decl":{"start":{"line":23,"column":23},"end":{"line":23,"column":24}},"loc":{"start":{"line":23,"column":38},"end":{"line":33,"column":1}},"line":23},"1":{"name":"(anonymous_1)","decl":{"start":{"line":35,"column":23},"end":{"line":35,"column":24}},"loc":{"start":{"line":35,"column":38},"end":{"line":44,"column":1}},"line":35},"2":{"name":"(anonymous_2)","decl":{"start":{"line":37,"column":43},"end":{"line":37,"column":44}},"loc":{"start":{"line":37,"column":58},"end":{"line":42,"column":5}},"line":37},"3":{"name":"(anonymous_3)","decl":{"start":{"line":50,"column":37},"end":{"line":50,"column":38}},"loc":{"start":{"line":50,"column":57},"end":{"line":57,"column":1}},"line":50},"4":{"name":"(anonymous_4)","decl":{"start":{"line":51,"column":41},"end":{"line":51,"column":42}},"loc":{"start":{"line":51,"column":64},"end":{"line":56,"column":5}},"line":51}},"branchMap":{"0":{"loc":{"start":{"line":28,"column":4},"end":{"line":29,"column":36}},"type":"if","locations":[{"start":{"line":28,"column":4},"end":{"line":29,"column":36}},{"start":{"line":28,"column":4},"end":{"line":29,"column":36}}],"line":28},"1":{"loc":{"start":{"line":38,"column":8},"end":{"line":38,"column":55}},"type":"if","locations":[{"start":{"line":38,"column":8},"end":{"line":38,"column":55}},{"start":{"line":38,"column":8},"end":{"line":38,"column":55}}],"line":38},"2":{"loc":{"start":{"line":52,"column":8},"end":{"line":54,"column":9}},"type":"if","locations":[{"start":{"line":52,"column":8},"end":{"line":54,"column":9}},{"start":{"line":52,"column":8},"end":{"line":54,"column":9}}],"line":52}},"s":{"0":1,"1":1,"2":1,"3":1,"4":1,"5":1,"6":1,"7":0,"8":0,"9":0,"10":0,"11":1,"12":0,"13":0,"14":0,"15":0,"16":0,"17":0,"18":0,"19":1,"20":1,"21":0,"22":0,"23":0,"24":0,"25":1},"f":{"0":0,"1":0,"2":0,"3":0,"4":0},"b":{"0":[0,0],"1":[0,0],"2":[0,0]},"_coverageSchema":"332fd63041d2c1bcb487cc26dd0d5f7d97098a6c","hash":"67ba7c274b4a9cea0c255c6cc24a0e8bf64981cf","contentHash":"45e1d726c0b112a50f79e4be4d56d642_11.2.1"},"/home/traning/Videos/Personalized-Emailer/projectPmMailer /server/express/config/googleAuth.js":{"path":"/home/traning/Videos/Personalized-Emailer/projectPmMailer /server/express/config/googleAuth.js","statementMap":{"0":{"start":{"line":3,"column":0},"end":{"line":9,"column":1}}},"fnMap":{},"branchMap":{},"s":{"0":1},"f":{},"b":{},"_coverageSchema":"332fd63041d2c1bcb487cc26dd0d5f7d97098a6c","hash":"ca0f2a57967ecb918387ac8b71f6638eb4ddd5d0","contentHash":"2dc3abd2b2bc8970954aa302e7503f2a_11.2.1"},"/home/traning/Videos/Personalized-Emailer/projectPmMailer /server/express/auth/facebook.js":{"path":"/home/traning/Videos/Personalized-Emailer/projectPmMailer /server/express/auth/facebook.js","statementMap":{"0":{"start":{"line":1,"column":17},"end":{"line":1,"column":36}},"1":{"start":{"line":2,"column":25},"end":{"line":2,"column":62}},"2":{"start":{"line":3,"column":13},"end":{"line":3,"column":43}},"3":{"start":{"line":4,"column":15},"end":{"line":4,"column":48}},"4":{"start":{"line":6,"column":0},"end":{"line":34,"column":8}},"5":{"start":{"line":17,"column":30},"end":{"line":20,"column":10}},"6":{"start":{"line":23,"column":8},"end":{"line":33,"column":11}},"7":{"start":{"line":24,"column":12},"end":{"line":32,"column":13}},"8":{"start":{"line":25,"column":16},"end":{"line":28,"column":19}},"9":{"start":{"line":26,"column":20},"end":{"line":26,"column":46}},"10":{"start":{"line":26,"column":29},"end":{"line":26,"column":46}},"11":{"start":{"line":27,"column":20},"end":{"line":27,"column":46}},"12":{"start":{"line":31,"column":16},"end":{"line":31,"column":33}},"13":{"start":{"line":35,"column":0},"end":{"line":35,"column":15}}},"fnMap":{"0":{"name":"(anonymous_0)","decl":{"start":{"line":15,"column":4},"end":{"line":15,"column":5}},"loc":{"start":{"line":15,"column":55},"end":{"line":34,"column":5}},"line":15},"1":{"name":"(anonymous_1)","decl":{"start":{"line":23,"column":53},"end":{"line":23,"column":54}},"loc":{"start":{"line":23,"column":73},"end":{"line":33,"column":9}},"line":23},"2":{"name":"(anonymous_2)","decl":{"start":{"line":25,"column":35},"end":{"line":25,"column":36}},"loc":{"start":{"line":25,"column":64},"end":{"line":28,"column":17}},"line":25}},"branchMap":{"0":{"loc":{"start":{"line":24,"column":12},"end":{"line":32,"column":13}},"type":"if","locations":[{"start":{"line":24,"column":12},"end":{"line":32,"column":13}},{"start":{"line":24,"column":12},"end":{"line":32,"column":13}}],"line":24},"1":{"loc":{"start":{"line":26,"column":20},"end":{"line":26,"column":46}},"type":"if","locations":[{"start":{"line":26,"column":20},"end":{"line":26,"column":46}},{"start":{"line":26,"column":20},"end":{"line":26,"column":46}}],"line":26}},"s":{"0":1,"1":1,"2":1,"3":1,"4":1,"5":0,"6":0,"7":0,"8":0,"9":0,"10":0,"11":0,"12":0,"13":1},"f":{"0":0,"1":0,"2":0},"b":{"0":[0,0],"1":[0,0]},"_coverageSchema":"332fd63041d2c1bcb487cc26dd0d5f7d97098a6c","hash":"2d1b20e351d0aa02b28e2944688cc66f8a180d20","contentHash":"c8dc1237a6af9eda21c300cb8893bdfd_11.2.1"},"/home/traning/Videos/Personalized-Emailer/projectPmMailer /server/express/config/facebookAuth.js":{"path":"/home/traning/Videos/Personalized-Emailer/projectPmMailer /server/express/config/facebookAuth.js","statementMap":{"0":{"start":{"line":2,"column":0},"end":{"line":9,"column":1}}},"fnMap":{},"branchMap":{},"s":{"0":1},"f":{},"b":{},"_coverageSchema":"332fd63041d2c1bcb487cc26dd0d5f7d97098a6c","hash":"21f2ff24fd02188c37e33bb1a7da4bd4d89c6986","contentHash":"7ea2557f927b831c6418fb95a0346cdd_11.2.1"},"/home/traning/Videos/Personalized-Emailer/projectPmMailer /server/express/routes/signup.js":{"path":"/home/traning/Videos/Personalized-Emailer/projectPmMailer /server/express/routes/signup.js","statementMap":{"0":{"start":{"line":2,"column":19},"end":{"line":2,"column":40}},"1":{"start":{"line":3,"column":16},"end":{"line":3,"column":34}},"2":{"start":{"line":4,"column":15},"end":{"line":4,"column":31}},"3":{"start":{"line":7,"column":13},"end":{"line":7,"column":43}},"4":{"start":{"line":8,"column":15},"end":{"line":8,"column":44}},"5":{"start":{"line":9,"column":18},"end":{"line":9,"column":48}},"6":{"start":{"line":10,"column":15},"end":{"line":10,"column":48}},"7":{"start":{"line":13,"column":0},"end":{"line":59,"column":3}},"8":{"start":{"line":14,"column":15},"end":{"line":14,"column":25}},"9":{"start":{"line":15,"column":4},"end":{"line":15,"column":30}},"10":{"start":{"line":16,"column":4},"end":{"line":16,"column":38}},"11":{"start":{"line":17,"column":4},"end":{"line":17,"column":32}},"12":{"start":{"line":18,"column":4},"end":{"line":18,"column":34}},"13":{"start":{"line":19,"column":4},"end":{"line":19,"column":18}},"14":{"start":{"line":21,"column":4},"end":{"line":58,"column":5}},"15":{"start":{"line":22,"column":8},"end":{"line":22,"column":101}},"16":{"start":{"line":23,"column":8},"end":{"line":23,"column":52}},"17":{"start":{"line":25,"column":8},"end":{"line":57,"column":10}},"18":{"start":{"line":27,"column":12},"end":{"line":56,"column":13}},"19":{"start":{"line":28,"column":16},"end":{"line":31,"column":17}},"20":{"start":{"line":29,"column":20},"end":{"line":29,"column":102}},"21":{"start":{"line":30,"column":20},"end":{"line":30,"column":64}},"22":{"start":{"line":33,"column":34},"end":{"line":39,"column":18}},"23":{"start":{"line":41,"column":34},"end":{"line":47,"column":17}},"24":{"start":{"line":48,"column":16},"end":{"line":54,"column":19}},"25":{"start":{"line":49,"column":20},"end":{"line":53,"column":21}},"26":{"start":{"line":50,"column":24},"end":{"line":50,"column":56}},"27":{"start":{"line":52,"column":24},"end":{"line":52,"column":81}},"28":{"start":{"line":55,"column":16},"end":{"line":55,"column":88}},"29":{"start":{"line":60,"column":0},"end":{"line":60,"column":24}}},"fnMap":{"0":{"name":"(anonymous_0)","decl":{"start":{"line":13,"column":22},"end":{"line":13,"column":23}},"loc":{"start":{"line":13,"column":36},"end":{"line":59,"column":1}},"line":13},"1":{"name":"(anonymous_1)","decl":{"start":{"line":25,"column":18},"end":{"line":25,"column":19}},"loc":{"start":{"line":25,"column":27},"end":{"line":57,"column":9}},"line":25},"2":{"name":"(anonymous_2)","decl":{"start":{"line":48,"column":50},"end":{"line":48,"column":51}},"loc":{"start":{"line":48,"column":72},"end":{"line":54,"column":17}},"line":48}},"branchMap":{"0":{"loc":{"start":{"line":21,"column":4},"end":{"line":58,"column":5}},"type":"if","locations":[{"start":{"line":21,"column":4},"end":{"line":58,"column":5}},{"start":{"line":21,"column":4},"end":{"line":58,"column":5}}],"line":21},"1":{"loc":{"start":{"line":21,"column":8},"end":{"line":21,"column":111}},"type":"binary-expr","locations":[{"start":{"line":21,"column":8},"end":{"line":21,"column":29}},{"start":{"line":21,"column":33},"end":{"line":21,"column":58}},{"start":{"line":21,"column":62},"end":{"line":21,"column":84}},{"start":{"line":21,"column":88},"end":{"line":21,"column":111}}],"line":21},"2":{"loc":{"start":{"line":27,"column":12},"end":{"line":56,"column":13}},"type":"if","locations":[{"start":{"line":27,"column":12},"end":{"line":56,"column":13}},{"start":{"line":27,"column":12},"end":{"line":56,"column":13}}],"line":27},"3":{"loc":{"start":{"line":28,"column":16},"end":{"line":31,"column":17}},"type":"if","locations":[{"start":{"line":28,"column":16},"end":{"line":31,"column":17}},{"start":{"line":28,"column":16},"end":{"line":31,"column":17}}],"line":28},"4":{"loc":{"start":{"line":49,"column":20},"end":{"line":53,"column":21}},"type":"if","locations":[{"start":{"line":49,"column":20},"end":{"line":53,"column":21}},{"start":{"line":49,"column":20},"end":{"line":53,"column":21}}],"line":49}},"s":{"0":1,"1":1,"2":1,"3":1,"4":1,"5":1,"6":1,"7":1,"8":1,"9":1,"10":1,"11":1,"12":1,"13":1,"14":1,"15":0,"16":0,"17":1,"18":1,"19":0,"20":0,"21":0,"22":1,"23":1,"24":1,"25":1,"26":0,"27":1,"28":1,"29":1},"f":{"0":1,"1":1,"2":1},"b":{"0":[0,1],"1":[1,1,1,1],"2":[0,1],"3":[0,0],"4":[0,1]},"_coverageSchema":"332fd63041d2c1bcb487cc26dd0d5f7d97098a6c","hash":"c17a9300836d9b8863988dbaa9bb99e8c7788e72","contentHash":"3cbf4284540594a445e1fee872c0d2d1_11.2.1"},"/home/traning/Videos/Personalized-Emailer/projectPmMailer /server/express/routes/login.js":{"path":"/home/traning/Videos/Personalized-Emailer/projectPmMailer /server/express/routes/login.js","statementMap":{"0":{"start":{"line":2,"column":13},"end":{"line":2,"column":28}},"1":{"start":{"line":3,"column":12},"end":{"line":3,"column":35}},"2":{"start":{"line":4,"column":16},"end":{"line":4,"column":34}},"3":{"start":{"line":5,"column":15},"end":{"line":5,"column":31}},"4":{"start":{"line":8,"column":15},"end":{"line":8,"column":44}},"5":{"start":{"line":9,"column":15},"end":{"line":9,"column":48}},"6":{"start":{"line":10,"column":13},"end":{"line":10,"column":43}},"7":{"start":{"line":13,"column":0},"end":{"line":43,"column":3}},"8":{"start":{"line":14,"column":4},"end":{"line":42,"column":7}},"9":{"start":{"line":17,"column":8},"end":{"line":20,"column":9}},"10":{"start":{"line":18,"column":12},"end":{"line":18,"column":97}},"11":{"start":{"line":19,"column":12},"end":{"line":19,"column":33}},"12":{"start":{"line":21,"column":8},"end":{"line":41,"column":9}},"13":{"start":{"line":23,"column":12},"end":{"line":23,"column":106}},"14":{"start":{"line":24,"column":12},"end":{"line":24,"column":65}},"15":{"start":{"line":27,"column":12},"end":{"line":40,"column":15}},"16":{"start":{"line":28,"column":16},"end":{"line":39,"column":17}},"17":{"start":{"line":30,"column":32},"end":{"line":30,"column":65}},"18":{"start":{"line":33,"column":20},"end":{"line":33,"column":126}},"19":{"start":{"line":35,"column":20},"end":{"line":35,"column":64}},"20":{"start":{"line":37,"column":20},"end":{"line":37,"column":115}},"21":{"start":{"line":38,"column":20},"end":{"line":38,"column":74}},"22":{"start":{"line":46,"column":0},"end":{"line":58,"column":2}},"23":{"start":{"line":47,"column":4},"end":{"line":57,"column":6}},"24":{"start":{"line":49,"column":8},"end":{"line":56,"column":9}},"25":{"start":{"line":50,"column":12},"end":{"line":50,"column":69}},"26":{"start":{"line":51,"column":12},"end":{"line":51,"column":33}},"27":{"start":{"line":54,"column":12},"end":{"line":54,"column":26}},"28":{"start":{"line":55,"column":12},"end":{"line":55,"column":53}},"29":{"start":{"line":60,"column":0},"end":{"line":60,"column":24}}},"fnMap":{"0":{"name":"(anonymous_0)","decl":{"start":{"line":13,"column":39},"end":{"line":13,"column":40}},"loc":{"start":{"line":13,"column":58},"end":{"line":43,"column":1}},"line":13},"1":{"name":"(anonymous_1)","decl":{"start":{"line":16,"column":7},"end":{"line":16,"column":8}},"loc":{"start":{"line":16,"column":27},"end":{"line":42,"column":5}},"line":16},"2":{"name":"(anonymous_2)","decl":{"start":{"line":27,"column":54},"end":{"line":27,"column":55}},"loc":{"start":{"line":27,"column":77},"end":{"line":40,"column":13}},"line":27},"3":{"name":"(anonymous_3)","decl":{"start":{"line":46,"column":16},"end":{"line":46,"column":17}},"loc":{"start":{"line":46,"column":35},"end":{"line":58,"column":1}},"line":46},"4":{"name":"(anonymous_4)","decl":{"start":{"line":47,"column":14},"end":{"line":47,"column":15}},"loc":{"start":{"line":47,"column":29},"end":{"line":57,"column":5}},"line":47}},"branchMap":{"0":{"loc":{"start":{"line":17,"column":8},"end":{"line":20,"column":9}},"type":"if","locations":[{"start":{"line":17,"column":8},"end":{"line":20,"column":9}},{"start":{"line":17,"column":8},"end":{"line":20,"column":9}}],"line":17},"1":{"loc":{"start":{"line":21,"column":8},"end":{"line":41,"column":9}},"type":"if","locations":[{"start":{"line":21,"column":8},"end":{"line":41,"column":9}},{"start":{"line":21,"column":8},"end":{"line":41,"column":9}}],"line":21},"2":{"loc":{"start":{"line":28,"column":16},"end":{"line":39,"column":17}},"type":"if","locations":[{"start":{"line":28,"column":16},"end":{"line":39,"column":17}},{"start":{"line":28,"column":16},"end":{"line":39,"column":17}}],"line":28},"3":{"loc":{"start":{"line":28,"column":20},"end":{"line":28,"column":35}},"type":"binary-expr","locations":[{"start":{"line":28,"column":20},"end":{"line":28,"column":27}},{"start":{"line":28,"column":31},"end":{"line":28,"column":35}}],"line":28},"4":{"loc":{"start":{"line":49,"column":8},"end":{"line":56,"column":9}},"type":"if","locations":[{"start":{"line":49,"column":8},"end":{"line":56,"column":9}},{"start":{"line":49,"column":8},"end":{"line":56,"column":9}}],"line":49}},"s":{"0":1,"1":1,"2":1,"3":1,"4":1,"5":1,"6":1,"7":1,"8":1,"9":1,"10":0,"11":0,"12":1,"13":1,"14":0,"15":0,"16":0,"17":0,"18":0,"19":0,"20":0,"21":0,"22":1,"23":2,"24":2,"25":0,"26":0,"27":2,"28":2,"29":1},"f":{"0":1,"1":1,"2":0,"3":2,"4":2},"b":{"0":[0,1],"1":[1,0],"2":[0,0],"3":[0,0],"4":[0,2]},"_coverageSchema":"332fd63041d2c1bcb487cc26dd0d5f7d97098a6c","hash":"216645d7b8ef0c538b575c04d1a46ab4e0a2b0c2","contentHash":"aff3ea3ed805fb44d2886bce76ffdb9f_11.2.1"},"/home/traning/Videos/Personalized-Emailer/projectPmMailer /server/express/routes/resetPassword.js":{"path":"/home/traning/Videos/Personalized-Emailer/projectPmMailer /server/express/routes/resetPassword.js","statementMap":{"0":{"start":{"line":2,"column":19},"end":{"line":2,"column":40}},"1":{"start":{"line":3,"column":16},"end":{"line":3,"column":34}},"2":{"start":{"line":4,"column":14},"end":{"line":4,"column":30}},"3":{"start":{"line":5,"column":15},"end":{"line":5,"column":31}},"4":{"start":{"line":6,"column":17},"end":{"line":6,"column":36}},"5":{"start":{"line":7,"column":22},"end":{"line":7,"column":56}},"6":{"start":{"line":8,"column":15},"end":{"line":8,"column":32}},"7":{"start":{"line":11,"column":13},"end":{"line":11,"column":43}},"8":{"start":{"line":12,"column":18},"end":{"line":12,"column":48}},"9":{"start":{"line":13,"column":15},"end":{"line":13,"column":48}},"10":{"start":{"line":16,"column":0},"end":{"line":28,"column":4}},"11":{"start":{"line":17,"column":4},"end":{"line":27,"column":7}},"12":{"start":{"line":18,"column":8},"end":{"line":18,"column":34}},"13":{"start":{"line":18,"column":17},"end":{"line":18,"column":34}},"14":{"start":{"line":19,"column":8},"end":{"line":19,"column":77}},"15":{"start":{"line":19,"column":19},"end":{"line":19,"column":77}},"16":{"start":{"line":20,"column":8},"end":{"line":26,"column":11}},"17":{"start":{"line":21,"column":12},"end":{"line":25,"column":13}},"18":{"start":{"line":22,"column":16},"end":{"line":22,"column":40}},"19":{"start":{"line":24,"column":16},"end":{"line":24,"column":77}},"20":{"start":{"line":31,"column":0},"end":{"line":33,"column":3}},"21":{"start":{"line":32,"column":4},"end":{"line":32,"column":24}},"22":{"start":{"line":36,"column":0},"end":{"line":40,"column":3}},"23":{"start":{"line":37,"column":4},"end":{"line":39,"column":7}},"24":{"start":{"line":38,"column":8},"end":{"line":38,"column":24}},"25":{"start":{"line":43,"column":0},"end":{"line":100,"column":3}},"26":{"start":{"line":44,"column":4},"end":{"line":99,"column":7}},"27":{"start":{"line":46,"column":12},"end":{"line":49,"column":15}},"28":{"start":{"line":47,"column":28},"end":{"line":47,"column":47}},"29":{"start":{"line":48,"column":16},"end":{"line":48,"column":33}},"30":{"start":{"line":53,"column":12},"end":{"line":53,"column":29}},"31":{"start":{"line":54,"column":12},"end":{"line":64,"column":15}},"32":{"start":{"line":55,"column":16},"end":{"line":58,"column":17}},"33":{"start":{"line":56,"column":20},"end":{"line":56,"column":78}},"34":{"start":{"line":57,"column":20},"end":{"line":57,"column":122}},"35":{"start":{"line":59,"column":16},"end":{"line":59,"column":48}},"36":{"start":{"line":60,"column":16},"end":{"line":60,"column":81}},"37":{"start":{"line":61,"column":16},"end":{"line":63,"column":19}},"38":{"start":{"line":62,"column":20},"end":{"line":62,"column":43}},"39":{"start":{"line":68,"column":30},"end":{"line":74,"column":14}},"40":{"start":{"line":75,"column":30},"end":{"line":83,"column":13}},"41":{"start":{"line":84,"column":12},"end":{"line":93,"column":15}},"42":{"start":{"line":85,"column":16},"end":{"line":92,"column":17}},"43":{"start":{"line":86,"column":20},"end":{"line":86,"column":49}},"44":{"start":{"line":87,"column":20},"end":{"line":87,"column":61}},"45":{"start":{"line":89,"column":20},"end":{"line":89,"column":60}},"46":{"start":{"line":90,"column":20},"end":{"line":90,"column":72}},"47":{"start":{"line":96,"column":8},"end":{"line":96,"column":34}},"48":{"start":{"line":96,"column":17},"end":{"line":96,"column":34}},"49":{"start":{"line":97,"column":8},"end":{"line":97,"column":36}},"50":{"start":{"line":98,"column":8},"end":{"line":98,"column":41}},"51":{"start":{"line":103,"column":0},"end":{"line":114,"column":3}},"52":{"start":{"line":104,"column":19},"end":{"line":104,"column":35}},"53":{"start":{"line":106,"column":4},"end":{"line":113,"column":7}},"54":{"start":{"line":107,"column":8},"end":{"line":110,"column":9}},"55":{"start":{"line":108,"column":12},"end":{"line":108,"column":75}},"56":{"start":{"line":109,"column":12},"end":{"line":109,"column":108}},"57":{"start":{"line":111,"column":8},"end":{"line":111,"column":61}},"58":{"start":{"line":112,"column":8},"end":{"line":112,"column":55}},"59":{"start":{"line":117,"column":0},"end":{"line":144,"column":3}},"60":{"start":{"line":118,"column":4},"end":{"line":143,"column":7}},"61":{"start":{"line":120,"column":12},"end":{"line":134,"column":15}},"62":{"start":{"line":121,"column":16},"end":{"line":124,"column":17}},"63":{"start":{"line":122,"column":20},"end":{"line":122,"column":83}},"64":{"start":{"line":123,"column":20},"end":{"line":123,"column":116}},"65":{"start":{"line":125,"column":16},"end":{"line":125,"column":50}},"66":{"start":{"line":126,"column":16},"end":{"line":126,"column":52}},"67":{"start":{"line":127,"column":16},"end":{"line":127,"column":54}},"68":{"start":{"line":129,"column":16},"end":{"line":133,"column":19}},"69":{"start":{"line":130,"column":20},"end":{"line":132,"column":23}},"70":{"start":{"line":131,"column":24},"end":{"line":131,"column":40}},"71":{"start":{"line":137,"column":8},"end":{"line":142,"column":9}},"72":{"start":{"line":138,"column":12},"end":{"line":138,"column":60}},"73":{"start":{"line":140,"column":12},"end":{"line":140,"column":56}},"74":{"start":{"line":141,"column":12},"end":{"line":141,"column":52}},"75":{"start":{"line":146,"column":0},"end":{"line":146,"column":24}}},"fnMap":{"0":{"name":"(anonymous_0)","decl":{"start":{"line":16,"column":31},"end":{"line":16,"column":32}},"loc":{"start":{"line":16,"column":63},"end":{"line":28,"column":1}},"line":16},"1":{"name":"(anonymous_1)","decl":{"start":{"line":17,"column":35},"end":{"line":17,"column":36}},"loc":{"start":{"line":17,"column":55},"end":{"line":27,"column":5}},"line":17},"2":{"name":"(anonymous_2)","decl":{"start":{"line":20,"column":39},"end":{"line":20,"column":40}},"loc":{"start":{"line":20,"column":62},"end":{"line":26,"column":9}},"line":20},"3":{"name":"(anonymous_3)","decl":{"start":{"line":31,"column":23},"end":{"line":31,"column":24}},"loc":{"start":{"line":31,"column":44},"end":{"line":33,"column":1}},"line":31},"4":{"name":"(anonymous_4)","decl":{"start":{"line":36,"column":25},"end":{"line":36,"column":26}},"loc":{"start":{"line":36,"column":44},"end":{"line":40,"column":1}},"line":36},"5":{"name":"(anonymous_5)","decl":{"start":{"line":37,"column":22},"end":{"line":37,"column":23}},"loc":{"start":{"line":37,"column":42},"end":{"line":39,"column":5}},"line":37},"6":{"name":"(anonymous_6)","decl":{"start":{"line":43,"column":29},"end":{"line":43,"column":30}},"loc":{"start":{"line":43,"column":54},"end":{"line":100,"column":1}},"line":43},"7":{"name":"(anonymous_7)","decl":{"start":{"line":45,"column":8},"end":{"line":45,"column":9}},"loc":{"start":{"line":45,"column":23},"end":{"line":50,"column":9}},"line":45},"8":{"name":"(anonymous_8)","decl":{"start":{"line":46,"column":35},"end":{"line":46,"column":36}},"loc":{"start":{"line":46,"column":54},"end":{"line":49,"column":13}},"line":46},"9":{"name":"(anonymous_9)","decl":{"start":{"line":52,"column":8},"end":{"line":52,"column":9}},"loc":{"start":{"line":52,"column":30},"end":{"line":65,"column":9}},"line":52},"10":{"name":"(anonymous_10)","decl":{"start":{"line":54,"column":54},"end":{"line":54,"column":55}},"loc":{"start":{"line":54,"column":74},"end":{"line":64,"column":13}},"line":54},"11":{"name":"(anonymous_11)","decl":{"start":{"line":61,"column":26},"end":{"line":61,"column":27}},"loc":{"start":{"line":61,"column":40},"end":{"line":63,"column":17}},"line":61},"12":{"name":"(anonymous_12)","decl":{"start":{"line":67,"column":8},"end":{"line":67,"column":9}},"loc":{"start":{"line":67,"column":36},"end":{"line":94,"column":9}},"line":67},"13":{"name":"(anonymous_13)","decl":{"start":{"line":84,"column":46},"end":{"line":84,"column":47}},"loc":{"start":{"line":84,"column":68},"end":{"line":93,"column":13}},"line":84},"14":{"name":"(anonymous_14)","decl":{"start":{"line":95,"column":7},"end":{"line":95,"column":8}},"loc":{"start":{"line":95,"column":21},"end":{"line":99,"column":5}},"line":95},"15":{"name":"(anonymous_15)","decl":{"start":{"line":103,"column":28},"end":{"line":103,"column":29}},"loc":{"start":{"line":103,"column":47},"end":{"line":114,"column":1}},"line":103},"16":{"name":"(anonymous_16)","decl":{"start":{"line":106,"column":102},"end":{"line":106,"column":103}},"loc":{"start":{"line":106,"column":122},"end":{"line":113,"column":5}},"line":106},"17":{"name":"(anonymous_17)","decl":{"start":{"line":117,"column":29},"end":{"line":117,"column":30}},"loc":{"start":{"line":117,"column":48},"end":{"line":144,"column":1}},"line":117},"18":{"name":"(anonymous_18)","decl":{"start":{"line":119,"column":8},"end":{"line":119,"column":9}},"loc":{"start":{"line":119,"column":23},"end":{"line":135,"column":9}},"line":119},"19":{"name":"(anonymous_19)","decl":{"start":{"line":120,"column":110},"end":{"line":120,"column":111}},"loc":{"start":{"line":120,"column":130},"end":{"line":134,"column":13}},"line":120},"20":{"name":"(anonymous_20)","decl":{"start":{"line":129,"column":26},"end":{"line":129,"column":27}},"loc":{"start":{"line":129,"column":40},"end":{"line":133,"column":17}},"line":129},"21":{"name":"(anonymous_21)","decl":{"start":{"line":130,"column":36},"end":{"line":130,"column":37}},"loc":{"start":{"line":130,"column":50},"end":{"line":132,"column":21}},"line":130},"22":{"name":"(anonymous_22)","decl":{"start":{"line":136,"column":7},"end":{"line":136,"column":8}},"loc":{"start":{"line":136,"column":21},"end":{"line":143,"column":5}},"line":136}},"branchMap":{"0":{"loc":{"start":{"line":18,"column":8},"end":{"line":18,"column":34}},"type":"if","locations":[{"start":{"line":18,"column":8},"end":{"line":18,"column":34}},{"start":{"line":18,"column":8},"end":{"line":18,"column":34}}],"line":18},"1":{"loc":{"start":{"line":19,"column":8},"end":{"line":19,"column":77}},"type":"if","locations":[{"start":{"line":19,"column":8},"end":{"line":19,"column":77}},{"start":{"line":19,"column":8},"end":{"line":19,"column":77}}],"line":19},"2":{"loc":{"start":{"line":21,"column":12},"end":{"line":25,"column":13}},"type":"if","locations":[{"start":{"line":21,"column":12},"end":{"line":25,"column":13}},{"start":{"line":21,"column":12},"end":{"line":25,"column":13}}],"line":21},"3":{"loc":{"start":{"line":55,"column":16},"end":{"line":58,"column":17}},"type":"if","locations":[{"start":{"line":55,"column":16},"end":{"line":58,"column":17}},{"start":{"line":55,"column":16},"end":{"line":58,"column":17}}],"line":55},"4":{"loc":{"start":{"line":85,"column":16},"end":{"line":92,"column":17}},"type":"if","locations":[{"start":{"line":85,"column":16},"end":{"line":92,"column":17}},{"start":{"line":85,"column":16},"end":{"line":92,"column":17}}],"line":85},"5":{"loc":{"start":{"line":96,"column":8},"end":{"line":96,"column":34}},"type":"if","locations":[{"start":{"line":96,"column":8},"end":{"line":96,"column":34}},{"start":{"line":96,"column":8},"end":{"line":96,"column":34}}],"line":96},"6":{"loc":{"start":{"line":107,"column":8},"end":{"line":110,"column":9}},"type":"if","locations":[{"start":{"line":107,"column":8},"end":{"line":110,"column":9}},{"start":{"line":107,"column":8},"end":{"line":110,"column":9}}],"line":107},"7":{"loc":{"start":{"line":121,"column":16},"end":{"line":124,"column":17}},"type":"if","locations":[{"start":{"line":121,"column":16},"end":{"line":124,"column":17}},{"start":{"line":121,"column":16},"end":{"line":124,"column":17}}],"line":121},"8":{"loc":{"start":{"line":137,"column":8},"end":{"line":142,"column":9}},"type":"if","locations":[{"start":{"line":137,"column":8},"end":{"line":142,"column":9}},{"start":{"line":137,"column":8},"end":{"line":142,"column":9}}],"line":137}},"s":{"0":1,"1":1,"2":1,"3":1,"4":1,"5":1,"6":1,"7":1,"8":1,"9":1,"10":1,"11":0,"12":0,"13":0,"14":0,"15":0,"16":0,"17":0,"18":0,"19":0,"20":1,"21":0,"22":1,"23":0,"24":0,"25":1,"26":1,"27":1,"28":1,"29":1,"30":1,"31":1,"32":1,"33":1,"34":1,"35":0,"36":0,"37":0,"38":0,"39":0,"40":0,"41":0,"42":0,"43":0,"44":0,"45":0,"46":0,"47":0,"48":0,"49":0,"50":0,"51":1,"52":0,"53":0,"54":0,"55":0,"56":0,"57":0,"58":0,"59":1,"60":0,"61":0,"62":0,"63":0,"64":0,"65":0,"66":0,"67":0,"68":0,"69":0,"70":0,"71":0,"72":0,"73":0,"74":0,"75":1},"f":{"0":0,"1":0,"2":0,"3":0,"4":0,"5":0,"6":1,"7":1,"8":1,"9":1,"10":1,"11":0,"12":0,"13":0,"14":0,"15":0,"16":0,"17":0,"18":0,"19":0,"20":0,"21":0,"22":0},"b":{"0":[0,0],"1":[0,0],"2":[0,0],"3":[1,0],"4":[0,0],"5":[0,0],"6":[0,0],"7":[0,0],"8":[0,0]},"_coverageSchema":"332fd63041d2c1bcb487cc26dd0d5f7d97098a6c","hash":"f70a7cd7dd203b2c80f0e8221c47ca755f3250b1","contentHash":"2def4135a578e3034c945348b3dc7fc7_11.2.1"},"/home/traning/Videos/Personalized-Emailer/projectPmMailer /server/express/routes/logout.js":{"path":"/home/traning/Videos/Personalized-Emailer/projectPmMailer /server/express/routes/logout.js","statementMap":{"0":{"start":{"line":2,"column":16},"end":{"line":2,"column":34}},"1":{"start":{"line":3,"column":15},"end":{"line":3,"column":31}},"2":{"start":{"line":6,"column":15},"end":{"line":6,"column":48}},"3":{"start":{"line":9,"column":0},"end":{"line":12,"column":3}},"4":{"start":{"line":10,"column":4},"end":{"line":10,"column":44}},"5":{"start":{"line":11,"column":4},"end":{"line":11,"column":42}},"6":{"start":{"line":14,"column":0},"end":{"line":14,"column":24}}},"fnMap":{"0":{"name":"(anonymous_0)","decl":{"start":{"line":9,"column":22},"end":{"line":9,"column":23}},"loc":{"start":{"line":9,"column":41},"end":{"line":12,"column":1}},"line":9}},"branchMap":{},"s":{"0":1,"1":1,"2":1,"3":1,"4":2,"5":2,"6":1},"f":{"0":2},"b":{},"_coverageSchema":"332fd63041d2c1bcb487cc26dd0d5f7d97098a6c","hash":"ac63aa76dd0d6cf3a9944ec18219586ad28ccade","contentHash":"4363e058329ccf417f835ea9a3b9fc71_11.2.1"},"/home/traning/Videos/Personalized-Emailer/projectPmMailer /server/express/routes/googleAuth.js":{"path":"/home/traning/Videos/Personalized-Emailer/projectPmMailer /server/express/routes/googleAuth.js","statementMap":{"0":{"start":{"line":2,"column":16},"end":{"line":2,"column":34}},"1":{"start":{"line":3,"column":15},"end":{"line":3,"column":31}},"2":{"start":{"line":4,"column":17},"end":{"line":4,"column":36}},"3":{"start":{"line":7,"column":22},"end":{"line":7,"column":55}},"4":{"start":{"line":10,"column":0},"end":{"line":14,"column":2}},"5":{"start":{"line":17,"column":0},"end":{"line":22,"column":2}},"6":{"start":{"line":24,"column":0},"end":{"line":24,"column":24}}},"fnMap":{},"branchMap":{},"s":{"0":1,"1":1,"2":1,"3":1,"4":1,"5":1,"6":1},"f":{},"b":{},"_coverageSchema":"332fd63041d2c1bcb487cc26dd0d5f7d97098a6c","hash":"c1093ec9f31c54045971fd481a695cfe36b340ef","contentHash":"febf89ad76440dd7d1fbbd378ab4853a_11.2.1"},"/home/traning/Videos/Personalized-Emailer/projectPmMailer /server/express/routes/facebookAuth.js":{"path":"/home/traning/Videos/Personalized-Emailer/projectPmMailer /server/express/routes/facebookAuth.js","statementMap":{"0":{"start":{"line":2,"column":16},"end":{"line":2,"column":34}},"1":{"start":{"line":3,"column":15},"end":{"line":3,"column":31}},"2":{"start":{"line":4,"column":17},"end":{"line":4,"column":36}},"3":{"start":{"line":7,"column":24},"end":{"line":7,"column":59}},"4":{"start":{"line":10,"column":0},"end":{"line":12,"column":2}},"5":{"start":{"line":15,"column":0},"end":{"line":20,"column":2}},"6":{"start":{"line":21,"column":0},"end":{"line":24,"column":3}},"7":{"start":{"line":22,"column":4},"end":{"line":22,"column":22}},"8":{"start":{"line":23,"column":4},"end":{"line":23,"column":25}},"9":{"start":{"line":26,"column":0},"end":{"line":26,"column":24}}},"fnMap":{"0":{"name":"(anonymous_0)","decl":{"start":{"line":21,"column":23},"end":{"line":21,"column":24}},"loc":{"start":{"line":21,"column":44},"end":{"line":24,"column":1}},"line":21}},"branchMap":{},"s":{"0":1,"1":1,"2":1,"3":1,"4":1,"5":1,"6":1,"7":0,"8":0,"9":1},"f":{"0":0},"b":{},"_coverageSchema":"332fd63041d2c1bcb487cc26dd0d5f7d97098a6c","hash":"bc7a7adc3ce539114ac0a77c7921805985a8b6a8","contentHash":"82262ae1b675795cb867ff50578791f0_11.2.1"},"/home/traning/Videos/Personalized-Emailer/projectPmMailer /server/express/routes/update.js":{"path":"/home/traning/Videos/Personalized-Emailer/projectPmMailer /server/express/routes/update.js","statementMap":{"0":{"start":{"line":2,"column":16},"end":{"line":2,"column":34}},"1":{"start":{"line":3,"column":15},"end":{"line":3,"column":31}},"2":{"start":{"line":6,"column":13},"end":{"line":6,"column":43}},"3":{"start":{"line":7,"column":15},"end":{"line":7,"column":48}},"4":{"start":{"line":10,"column":0},"end":{"line":23,"column":3}},"5":{"start":{"line":11,"column":4},"end":{"line":22,"column":7}},"6":{"start":{"line":16,"column":8},"end":{"line":21,"column":9}},"7":{"start":{"line":17,"column":12},"end":{"line":17,"column":25}},"8":{"start":{"line":19,"column":12},"end":{"line":19,"column":28}},"9":{"start":{"line":20,"column":12},"end":{"line":20,"column":55}},"10":{"start":{"line":26,"column":0},"end":{"line":41,"column":3}},"11":{"start":{"line":28,"column":4},"end":{"line":40,"column":7}},"12":{"start":{"line":35,"column":8},"end":{"line":39,"column":9}},"13":{"start":{"line":36,"column":12},"end":{"line":36,"column":25}},"14":{"start":{"line":38,"column":12},"end":{"line":38,"column":28}},"15":{"start":{"line":44,"column":0},"end":{"line":57,"column":3}},"16":{"start":{"line":45,"column":4},"end":{"line":56,"column":6}},"17":{"start":{"line":49,"column":12},"end":{"line":54,"column":13}},"18":{"start":{"line":50,"column":16},"end":{"line":50,"column":29}},"19":{"start":{"line":52,"column":16},"end":{"line":52,"column":49}},"20":{"start":{"line":53,"column":16},"end":{"line":53,"column":64}},"21":{"start":{"line":60,"column":0},"end":{"line":83,"column":2}},"22":{"start":{"line":61,"column":4},"end":{"line":82,"column":6}},"23":{"start":{"line":62,"column":8},"end":{"line":81,"column":9}},"24":{"start":{"line":63,"column":12},"end":{"line":63,"column":87}},"25":{"start":{"line":65,"column":12},"end":{"line":80,"column":14}},"26":{"start":{"line":66,"column":16},"end":{"line":79,"column":17}},"27":{"start":{"line":67,"column":20},"end":{"line":67,"column":52}},"28":{"start":{"line":68,"column":20},"end":{"line":76,"column":22}},"29":{"start":{"line":69,"column":24},"end":{"line":75,"column":25}},"30":{"start":{"line":70,"column":28},"end":{"line":70,"column":69}},"31":{"start":{"line":71,"column":28},"end":{"line":71,"column":106}},"32":{"start":{"line":73,"column":28},"end":{"line":73,"column":72}},"33":{"start":{"line":74,"column":28},"end":{"line":74,"column":109}},"34":{"start":{"line":78,"column":20},"end":{"line":78,"column":90}},"35":{"start":{"line":86,"column":0},"end":{"line":99,"column":3}},"36":{"start":{"line":87,"column":4},"end":{"line":87,"column":22}},"37":{"start":{"line":88,"column":4},"end":{"line":98,"column":7}},"38":{"start":{"line":93,"column":8},"end":{"line":97,"column":9}},"39":{"start":{"line":94,"column":12},"end":{"line":94,"column":42}},"40":{"start":{"line":96,"column":12},"end":{"line":96,"column":27}},"41":{"start":{"line":101,"column":0},"end":{"line":101,"column":24}}},"fnMap":{"0":{"name":"(anonymous_0)","decl":{"start":{"line":10,"column":33},"end":{"line":10,"column":34}},"loc":{"start":{"line":10,"column":47},"end":{"line":23,"column":1}},"line":10},"1":{"name":"(anonymous_1)","decl":{"start":{"line":15,"column":7},"end":{"line":15,"column":8}},"loc":{"start":{"line":15,"column":24},"end":{"line":22,"column":5}},"line":15},"2":{"name":"(anonymous_2)","decl":{"start":{"line":26,"column":33},"end":{"line":26,"column":34}},"loc":{"start":{"line":26,"column":47},"end":{"line":41,"column":1}},"line":26},"3":{"name":"(anonymous_3)","decl":{"start":{"line":34,"column":7},"end":{"line":34,"column":8}},"loc":{"start":{"line":34,"column":24},"end":{"line":40,"column":5}},"line":34},"4":{"name":"(anonymous_4)","decl":{"start":{"line":44,"column":36},"end":{"line":44,"column":37}},"loc":{"start":{"line":44,"column":50},"end":{"line":57,"column":1}},"line":44},"5":{"name":"(anonymous_5)","decl":{"start":{"line":48,"column":8},"end":{"line":48,"column":9}},"loc":{"start":{"line":48,"column":23},"end":{"line":55,"column":9}},"line":48},"6":{"name":"(anonymous_6)","decl":{"start":{"line":60,"column":38},"end":{"line":60,"column":39}},"loc":{"start":{"line":60,"column":52},"end":{"line":83,"column":1}},"line":60},"7":{"name":"(anonymous_7)","decl":{"start":{"line":61,"column":46},"end":{"line":61,"column":47}},"loc":{"start":{"line":61,"column":66},"end":{"line":82,"column":5}},"line":61},"8":{"name":"(anonymous_8)","decl":{"start":{"line":65,"column":54},"end":{"line":65,"column":55}},"loc":{"start":{"line":65,"column":77},"end":{"line":80,"column":13}},"line":65},"9":{"name":"(anonymous_9)","decl":{"start":{"line":68,"column":30},"end":{"line":68,"column":31}},"loc":{"start":{"line":68,"column":39},"end":{"line":76,"column":21}},"line":68},"10":{"name":"(anonymous_10)","decl":{"start":{"line":86,"column":27},"end":{"line":86,"column":28}},"loc":{"start":{"line":86,"column":41},"end":{"line":99,"column":1}},"line":86},"11":{"name":"(anonymous_11)","decl":{"start":{"line":92,"column":7},"end":{"line":92,"column":8}},"loc":{"start":{"line":92,"column":22},"end":{"line":98,"column":5}},"line":92}},"branchMap":{"0":{"loc":{"start":{"line":16,"column":8},"end":{"line":21,"column":9}},"type":"if","locations":[{"start":{"line":16,"column":8},"end":{"line":21,"column":9}},{"start":{"line":16,"column":8},"end":{"line":21,"column":9}}],"line":16},"1":{"loc":{"start":{"line":35,"column":8},"end":{"line":39,"column":9}},"type":"if","locations":[{"start":{"line":35,"column":8},"end":{"line":39,"column":9}},{"start":{"line":35,"column":8},"end":{"line":39,"column":9}}],"line":35},"2":{"loc":{"start":{"line":49,"column":12},"end":{"line":54,"column":13}},"type":"if","locations":[{"start":{"line":49,"column":12},"end":{"line":54,"column":13}},{"start":{"line":49,"column":12},"end":{"line":54,"column":13}}],"line":49},"3":{"loc":{"start":{"line":62,"column":8},"end":{"line":81,"column":9}},"type":"if","locations":[{"start":{"line":62,"column":8},"end":{"line":81,"column":9}},{"start":{"line":62,"column":8},"end":{"line":81,"column":9}}],"line":62},"4":{"loc":{"start":{"line":66,"column":16},"end":{"line":79,"column":17}},"type":"if","locations":[{"start":{"line":66,"column":16},"end":{"line":79,"column":17}},{"start":{"line":66,"column":16},"end":{"line":79,"column":17}}],"line":66},"5":{"loc":{"start":{"line":66,"column":20},"end":{"line":66,"column":35}},"type":"binary-expr","locations":[{"start":{"line":66,"column":20},"end":{"line":66,"column":27}},{"start":{"line":66,"column":31},"end":{"line":66,"column":35}}],"line":66},"6":{"loc":{"start":{"line":69,"column":24},"end":{"line":75,"column":25}},"type":"if","locations":[{"start":{"line":69,"column":24},"end":{"line":75,"column":25}},{"start":{"line":69,"column":24},"end":{"line":75,"column":25}}],"line":69},"7":{"loc":{"start":{"line":93,"column":8},"end":{"line":97,"column":9}},"type":"if","locations":[{"start":{"line":93,"column":8},"end":{"line":97,"column":9}},{"start":{"line":93,"column":8},"end":{"line":97,"column":9}}],"line":93}},"s":{"0":1,"1":1,"2":1,"3":1,"4":1,"5":1,"6":1,"7":0,"8":1,"9":1,"10":1,"11":3,"12":0,"13":0,"14":0,"15":1,"16":1,"17":1,"18":0,"19":1,"20":1,"21":1,"22":1,"23":1,"24":0,"25":1,"26":0,"27":0,"28":0,"29":0,"30":0,"31":0,"32":0,"33":0,"34":0,"35":1,"36":0,"37":0,"38":0,"39":0,"40":0,"41":1},"f":{"0":1,"1":1,"2":3,"3":0,"4":1,"5":1,"6":1,"7":1,"8":0,"9":0,"10":0,"11":0},"b":{"0":[0,1],"1":[0,0],"2":[0,1],"3":[0,1],"4":[0,0],"5":[0,0],"6":[0,0],"7":[0,0]},"_coverageSchema":"332fd63041d2c1bcb487cc26dd0d5f7d97098a6c","hash":"6ebdb4ef1c867695bd21304a29b70a5f0981253b","contentHash":"907c7b705a3a271fb597ea9d80a7441f_11.2.1"},"/home/traning/Videos/Personalized-Emailer/projectPmMailer /server/express/routes/getData.js":{"path":"/home/traning/Videos/Personalized-Emailer/projectPmMailer /server/express/routes/getData.js","statementMap":{"0":{"start":{"line":2,"column":19},"end":{"line":2,"column":40}},"1":{"start":{"line":3,"column":16},"end":{"line":3,"column":34}},"2":{"start":{"line":4,"column":14},"end":{"line":4,"column":30}},"3":{"start":{"line":5,"column":15},"end":{"line":5,"column":31}},"4":{"start":{"line":6,"column":17},"end":{"line":6,"column":36}},"5":{"start":{"line":7,"column":22},"end":{"line":7,"column":56}},"6":{"start":{"line":8,"column":15},"end":{"line":8,"column":32}},"7":{"start":{"line":11,"column":13},"end":{"line":11,"column":43}},"8":{"start":{"line":12,"column":18},"end":{"line":12,"column":48}},"9":{"start":{"line":13,"column":15},"end":{"line":13,"column":48}},"10":{"start":{"line":16,"column":0},"end":{"line":27,"column":2}},"11":{"start":{"line":18,"column":4},"end":{"line":26,"column":6}},"12":{"start":{"line":19,"column":8},"end":{"line":25,"column":9}},"13":{"start":{"line":20,"column":12},"end":{"line":20,"column":42}},"14":{"start":{"line":21,"column":12},"end":{"line":21,"column":67}},"15":{"start":{"line":23,"column":12},"end":{"line":23,"column":49}},"16":{"start":{"line":24,"column":12},"end":{"line":24,"column":27}},"17":{"start":{"line":29,"column":0},"end":{"line":29,"column":24}}},"fnMap":{"0":{"name":"(anonymous_0)","decl":{"start":{"line":16,"column":31},"end":{"line":16,"column":32}},"loc":{"start":{"line":16,"column":50},"end":{"line":27,"column":1}},"line":16},"1":{"name":"(anonymous_1)","decl":{"start":{"line":18,"column":46},"end":{"line":18,"column":47}},"loc":{"start":{"line":18,"column":61},"end":{"line":26,"column":5}},"line":18}},"branchMap":{"0":{"loc":{"start":{"line":19,"column":8},"end":{"line":25,"column":9}},"type":"if","locations":[{"start":{"line":19,"column":8},"end":{"line":25,"column":9}},{"start":{"line":19,"column":8},"end":{"line":25,"column":9}}],"line":19}},"s":{"0":1,"1":1,"2":1,"3":1,"4":1,"5":1,"6":1,"7":1,"8":1,"9":1,"10":1,"11":3,"12":3,"13":0,"14":0,"15":3,"16":3,"17":1},"f":{"0":3,"1":3},"b":{"0":[0,3]},"_coverageSchema":"332fd63041d2c1bcb487cc26dd0d5f7d97098a6c","hash":"1fdc8461c219eafff62d9bdfaae5270a05385a39","contentHash":"a0c0b3319e1b39f53c493eeb4e20596b_11.2.1"},"/home/traning/Videos/Personalized-Emailer/projectPmMailer /server/express/routes/preference.js":{"path":"/home/traning/Videos/Personalized-Emailer/projectPmMailer /server/express/routes/preference.js","statementMap":{"0":{"start":{"line":2,"column":14},"end":{"line":2,"column":32}},"1":{"start":{"line":3,"column":13},"end":{"line":3,"column":29}},"2":{"start":{"line":6,"column":11},"end":{"line":6,"column":41}},"3":{"start":{"line":7,"column":13},"end":{"line":7,"column":46}},"4":{"start":{"line":10,"column":0},"end":{"line":31,"column":3}},"5":{"start":{"line":11,"column":14},"end":{"line":14,"column":5}},"6":{"start":{"line":15,"column":4},"end":{"line":30,"column":7}},"7":{"start":{"line":22,"column":8},"end":{"line":29,"column":9}},"8":{"start":{"line":23,"column":12},"end":{"line":23,"column":42}},"9":{"start":{"line":27,"column":12},"end":{"line":27,"column":55}},"10":{"start":{"line":28,"column":12},"end":{"line":28,"column":27}},"11":{"start":{"line":33,"column":0},"end":{"line":33,"column":24}}},"fnMap":{"0":{"name":"(anonymous_0)","decl":{"start":{"line":10,"column":33},"end":{"line":10,"column":34}},"loc":{"start":{"line":10,"column":47},"end":{"line":31,"column":1}},"line":10},"1":{"name":"(anonymous_1)","decl":{"start":{"line":20,"column":7},"end":{"line":20,"column":8}},"loc":{"start":{"line":20,"column":22},"end":{"line":30,"column":5}},"line":20}},"branchMap":{"0":{"loc":{"start":{"line":22,"column":8},"end":{"line":29,"column":9}},"type":"if","locations":[{"start":{"line":22,"column":8},"end":{"line":29,"column":9}},{"start":{"line":22,"column":8},"end":{"line":29,"column":9}}],"line":22}},"s":{"0":1,"1":1,"2":1,"3":1,"4":1,"5":0,"6":0,"7":0,"8":0,"9":0,"10":0,"11":1},"f":{"0":0,"1":0},"b":{"0":[0,0]},"_coverageSchema":"332fd63041d2c1bcb487cc26dd0d5f7d97098a6c","hash":"8f97866e735fbe2a14989f0d4ed0a6c07ea2ddc5","contentHash":"b5bb8c9c74b20520abfcd41116aabe46_11.2.1"},"/home/traning/Videos/Personalized-Emailer/projectPmMailer /server/express/routes/scrap.js":{"path":"/home/traning/Videos/Personalized-Emailer/projectPmMailer /server/express/routes/scrap.js","statementMap":{"0":{"start":{"line":2,"column":14},"end":{"line":2,"column":32}},"1":{"start":{"line":3,"column":13},"end":{"line":3,"column":29}},"2":{"start":{"line":4,"column":14},"end":{"line":4,"column":32}},"3":{"start":{"line":5,"column":14},"end":{"line":5,"column":37}},"4":{"start":{"line":6,"column":14},"end":{"line":6,"column":32}},"5":{"start":{"line":7,"column":17},"end":{"line":7,"column":38}},"6":{"start":{"line":8,"column":15},"end":{"line":8,"column":34}},"7":{"start":{"line":11,"column":13},"end":{"line":11,"column":42}},"8":{"start":{"line":12,"column":14},"end":{"line":12,"column":72}},"9":{"start":{"line":13,"column":20},"end":{"line":13,"column":54}},"10":{"start":{"line":14,"column":17},"end":{"line":14,"column":43}},"11":{"start":{"line":15,"column":13},"end":{"line":15,"column":40}},"12":{"start":{"line":16,"column":16},"end":{"line":16,"column":47}},"13":{"start":{"line":17,"column":11},"end":{"line":17,"column":41}},"14":{"start":{"line":18,"column":16},"end":{"line":18,"column":46}},"15":{"start":{"line":19,"column":13},"end":{"line":19,"column":46}},"16":{"start":{"line":23,"column":0},"end":{"line":31,"column":2}},"17":{"start":{"line":24,"column":4},"end":{"line":30,"column":6}},"18":{"start":{"line":25,"column":8},"end":{"line":29,"column":9}},"19":{"start":{"line":26,"column":12},"end":{"line":26,"column":53}},"20":{"start":{"line":28,"column":12},"end":{"line":28,"column":26}},"21":{"start":{"line":38,"column":0},"end":{"line":48,"column":2}},"22":{"start":{"line":39,"column":4},"end":{"line":39,"column":22}},"23":{"start":{"line":40,"column":4},"end":{"line":47,"column":6}},"24":{"start":{"line":41,"column":8},"end":{"line":46,"column":9}},"25":{"start":{"line":42,"column":12},"end":{"line":42,"column":58}},"26":{"start":{"line":45,"column":12},"end":{"line":45,"column":26}},"27":{"start":{"line":55,"column":0},"end":{"line":67,"column":2}},"28":{"start":{"line":56,"column":4},"end":{"line":56,"column":22}},"29":{"start":{"line":57,"column":4},"end":{"line":66,"column":6}},"30":{"start":{"line":58,"column":8},"end":{"line":65,"column":9}},"31":{"start":{"line":59,"column":12},"end":{"line":59,"column":67}},"32":{"start":{"line":63,"column":12},"end":{"line":63,"column":26}},"33":{"start":{"line":71,"column":0},"end":{"line":83,"column":2}},"34":{"start":{"line":72,"column":4},"end":{"line":72,"column":22}},"35":{"start":{"line":73,"column":4},"end":{"line":81,"column":6}},"36":{"start":{"line":74,"column":8},"end":{"line":80,"column":9}},"37":{"start":{"line":75,"column":12},"end":{"line":75,"column":53}},"38":{"start":{"line":78,"column":12},"end":{"line":78,"column":26}},"39":{"start":{"line":89,"column":0},"end":{"line":119,"column":3}},"40":{"start":{"line":90,"column":15},"end":{"line":90,"column":28}},"41":{"start":{"line":92,"column":4},"end":{"line":118,"column":6}},"42":{"start":{"line":93,"column":8},"end":{"line":117,"column":9}},"43":{"start":{"line":94,"column":20},"end":{"line":94,"column":38}},"44":{"start":{"line":95,"column":24},"end":{"line":95,"column":26}},"45":{"start":{"line":96,"column":12},"end":{"line":113,"column":15}},"46":{"start":{"line":97,"column":28},"end":{"line":97,"column":70}},"47":{"start":{"line":98,"column":28},"end":{"line":98,"column":72}},"48":{"start":{"line":99,"column":29},"end":{"line":99,"column":73}},"49":{"start":{"line":100,"column":28},"end":{"line":100,"column":74}},"50":{"start":{"line":101,"column":29},"end":{"line":101,"column":76}},"51":{"start":{"line":102,"column":30},"end":{"line":102,"column":71}},"52":{"start":{"line":103,"column":32},"end":{"line":111,"column":17}},"53":{"start":{"line":112,"column":16},"end":{"line":112,"column":38}},"54":{"start":{"line":116,"column":12},"end":{"line":116,"column":38}},"55":{"start":{"line":124,"column":4},"end":{"line":128,"column":5}},"56":{"start":{"line":125,"column":8},"end":{"line":125,"column":28}},"57":{"start":{"line":126,"column":8},"end":{"line":126,"column":28}},"58":{"start":{"line":131,"column":8},"end":{"line":155,"column":10}},"59":{"start":{"line":132,"column":12},"end":{"line":154,"column":13}},"60":{"start":{"line":133,"column":24},"end":{"line":133,"column":42}},"61":{"start":{"line":136,"column":16},"end":{"line":153,"column":18}},"62":{"start":{"line":137,"column":31},"end":{"line":137,"column":59}},"63":{"start":{"line":138,"column":36},"end":{"line":138,"column":38}},"64":{"start":{"line":139,"column":20},"end":{"line":139,"column":42}},"65":{"start":{"line":140,"column":20},"end":{"line":140,"column":42}},"66":{"start":{"line":141,"column":20},"end":{"line":141,"column":38}},"67":{"start":{"line":142,"column":20},"end":{"line":142,"column":50}},"68":{"start":{"line":143,"column":20},"end":{"line":143,"column":54}},"69":{"start":{"line":144,"column":20},"end":{"line":144,"column":56}},"70":{"start":{"line":145,"column":20},"end":{"line":145,"column":58}},"71":{"start":{"line":146,"column":20},"end":{"line":152,"column":23}},"72":{"start":{"line":147,"column":24},"end":{"line":151,"column":25}},"73":{"start":{"line":148,"column":28},"end":{"line":148,"column":53}},"74":{"start":{"line":149,"column":31},"end":{"line":151,"column":25}},"75":{"start":{"line":163,"column":19},"end":{"line":163,"column":21}},"76":{"start":{"line":164,"column":4},"end":{"line":195,"column":6}},"77":{"start":{"line":165,"column":8},"end":{"line":194,"column":9}},"78":{"start":{"line":166,"column":20},"end":{"line":166,"column":38}},"79":{"start":{"line":167,"column":24},"end":{"line":167,"column":26}},"80":{"start":{"line":168,"column":12},"end":{"line":192,"column":15}},"81":{"start":{"line":169,"column":32},"end":{"line":169,"column":77}},"82":{"start":{"line":170,"column":36},"end":{"line":170,"column":75}},"83":{"start":{"line":171,"column":32},"end":{"line":171,"column":80}},"84":{"start":{"line":173,"column":16},"end":{"line":173,"column":42}},"85":{"start":{"line":174,"column":16},"end":{"line":174,"column":50}},"86":{"start":{"line":175,"column":16},"end":{"line":175,"column":42}},"87":{"start":{"line":176,"column":16},"end":{"line":176,"column":34}},"88":{"start":{"line":177,"column":16},"end":{"line":177,"column":34}},"89":{"start":{"line":178,"column":16},"end":{"line":178,"column":45}},"90":{"start":{"line":179,"column":16},"end":{"line":179,"column":49}},"91":{"start":{"line":180,"column":16},"end":{"line":180,"column":51}},"92":{"start":{"line":182,"column":33},"end":{"line":182,"column":56}},"93":{"start":{"line":183,"column":16},"end":{"line":191,"column":18}},"94":{"start":{"line":184,"column":20},"end":{"line":189,"column":21}},"95":{"start":{"line":185,"column":24},"end":{"line":185,"column":68}},"96":{"start":{"line":187,"column":27},"end":{"line":189,"column":21}},"97":{"start":{"line":201,"column":23},"end":{"line":201,"column":25}},"98":{"start":{"line":202,"column":4},"end":{"line":234,"column":6}},"99":{"start":{"line":203,"column":8},"end":{"line":233,"column":9}},"100":{"start":{"line":204,"column":20},"end":{"line":204,"column":38}},"101":{"start":{"line":205,"column":27},"end":{"line":205,"column":29}},"102":{"start":{"line":206,"column":12},"end":{"line":232,"column":15}},"103":{"start":{"line":207,"column":35},"end":{"line":207,"column":80}},"104":{"start":{"line":208,"column":39},"end":{"line":208,"column":78}},"105":{"start":{"line":209,"column":35},"end":{"line":209,"column":83}},"106":{"start":{"line":212,"column":16},"end":{"line":212,"column":49}},"107":{"start":{"line":213,"column":16},"end":{"line":213,"column":57}},"108":{"start":{"line":214,"column":16},"end":{"line":214,"column":49}},"109":{"start":{"line":215,"column":16},"end":{"line":215,"column":34}},"110":{"start":{"line":216,"column":16},"end":{"line":216,"column":49}},"111":{"start":{"line":217,"column":16},"end":{"line":217,"column":53}},"112":{"start":{"line":218,"column":16},"end":{"line":218,"column":55}},"113":{"start":{"line":220,"column":37},"end":{"line":220,"column":68}},"114":{"start":{"line":221,"column":16},"end":{"line":230,"column":18}},"115":{"start":{"line":222,"column":20},"end":{"line":228,"column":21}},"116":{"start":{"line":223,"column":24},"end":{"line":223,"column":69}},"117":{"start":{"line":225,"column":27},"end":{"line":228,"column":21}},"118":{"start":{"line":226,"column":24},"end":{"line":226,"column":72}},"119":{"start":{"line":239,"column":19},"end":{"line":291,"column":2}},"120":{"start":{"line":245,"column":8},"end":{"line":286,"column":10}},"121":{"start":{"line":246,"column":12},"end":{"line":285,"column":13}},"122":{"start":{"line":247,"column":16},"end":{"line":247,"column":89}},"123":{"start":{"line":249,"column":16},"end":{"line":284,"column":17}},"124":{"start":{"line":250,"column":20},"end":{"line":283,"column":21}},"125":{"start":{"line":251,"column":24},"end":{"line":251,"column":42}},"126":{"start":{"line":252,"column":24},"end":{"line":282,"column":25}},"127":{"start":{"line":253,"column":39},"end":{"line":253,"column":143}},"128":{"start":{"line":254,"column":28},"end":{"line":261,"column":30}},"129":{"start":{"line":255,"column":32},"end":{"line":260,"column":33}},"130":{"start":{"line":256,"column":36},"end":{"line":256,"column":71}},"131":{"start":{"line":258,"column":48},"end":{"line":258,"column":78}},"132":{"start":{"line":258,"column":69},"end":{"line":258,"column":77}},"133":{"start":{"line":259,"column":36},"end":{"line":259,"column":67}},"134":{"start":{"line":262,"column":31},"end":{"line":282,"column":25}},"135":{"start":{"line":263,"column":39},"end":{"line":263,"column":142}},"136":{"start":{"line":264,"column":28},"end":{"line":271,"column":30}},"137":{"start":{"line":265,"column":32},"end":{"line":270,"column":33}},"138":{"start":{"line":266,"column":36},"end":{"line":266,"column":58}},"139":{"start":{"line":268,"column":47},"end":{"line":268,"column":76}},"140":{"start":{"line":268,"column":67},"end":{"line":268,"column":75}},"141":{"start":{"line":269,"column":36},"end":{"line":269,"column":66}},"142":{"start":{"line":272,"column":31},"end":{"line":282,"column":25}},"143":{"start":{"line":273,"column":39},"end":{"line":273,"column":146}},"144":{"start":{"line":274,"column":28},"end":{"line":281,"column":30}},"145":{"start":{"line":275,"column":32},"end":{"line":280,"column":33}},"146":{"start":{"line":276,"column":36},"end":{"line":276,"column":89}},"147":{"start":{"line":278,"column":51},"end":{"line":278,"column":84}},"148":{"start":{"line":278,"column":75},"end":{"line":278,"column":83}},"149":{"start":{"line":279,"column":36},"end":{"line":279,"column":70}},"150":{"start":{"line":292,"column":0},"end":{"line":292,"column":21}},"151":{"start":{"line":295,"column":20},"end":{"line":348,"column":2}},"152":{"start":{"line":300,"column":8},"end":{"line":343,"column":10}},"153":{"start":{"line":301,"column":12},"end":{"line":342,"column":13}},"154":{"start":{"line":302,"column":16},"end":{"line":302,"column":89}},"155":{"start":{"line":304,"column":16},"end":{"line":341,"column":17}},"156":{"start":{"line":305,"column":20},"end":{"line":340,"column":21}},"157":{"start":{"line":306,"column":24},"end":{"line":306,"column":42}},"158":{"start":{"line":307,"column":24},"end":{"line":338,"column":25}},"159":{"start":{"line":308,"column":39},"end":{"line":308,"column":143}},"160":{"start":{"line":309,"column":28},"end":{"line":316,"column":30}},"161":{"start":{"line":310,"column":32},"end":{"line":315,"column":33}},"162":{"start":{"line":311,"column":36},"end":{"line":311,"column":71}},"163":{"start":{"line":313,"column":48},"end":{"line":313,"column":78}},"164":{"start":{"line":313,"column":69},"end":{"line":313,"column":77}},"165":{"start":{"line":314,"column":36},"end":{"line":314,"column":67}},"166":{"start":{"line":317,"column":31},"end":{"line":338,"column":25}},"167":{"start":{"line":318,"column":39},"end":{"line":318,"column":142}},"168":{"start":{"line":319,"column":28},"end":{"line":326,"column":30}},"169":{"start":{"line":320,"column":32},"end":{"line":325,"column":33}},"170":{"start":{"line":321,"column":36},"end":{"line":321,"column":91}},"171":{"start":{"line":323,"column":47},"end":{"line":323,"column":76}},"172":{"start":{"line":323,"column":67},"end":{"line":323,"column":75}},"173":{"start":{"line":324,"column":36},"end":{"line":324,"column":66}},"174":{"start":{"line":327,"column":31},"end":{"line":338,"column":25}},"175":{"start":{"line":328,"column":39},"end":{"line":328,"column":146}},"176":{"start":{"line":329,"column":28},"end":{"line":337,"column":30}},"177":{"start":{"line":330,"column":32},"end":{"line":336,"column":33}},"178":{"start":{"line":331,"column":36},"end":{"line":331,"column":55}},"179":{"start":{"line":333,"column":51},"end":{"line":333,"column":84}},"180":{"start":{"line":333,"column":75},"end":{"line":333,"column":83}},"181":{"start":{"line":335,"column":36},"end":{"line":335,"column":70}},"182":{"start":{"line":349,"column":0},"end":{"line":349,"column":22}},"183":{"start":{"line":352,"column":21},"end":{"line":404,"column":2}},"184":{"start":{"line":357,"column":8},"end":{"line":399,"column":10}},"185":{"start":{"line":358,"column":12},"end":{"line":398,"column":13}},"186":{"start":{"line":359,"column":16},"end":{"line":359,"column":89}},"187":{"start":{"line":361,"column":16},"end":{"line":397,"column":17}},"188":{"start":{"line":362,"column":20},"end":{"line":362,"column":38}},"189":{"start":{"line":363,"column":20},"end":{"line":396,"column":21}},"190":{"start":{"line":364,"column":24},"end":{"line":395,"column":25}},"191":{"start":{"line":365,"column":39},"end":{"line":365,"column":97}},"192":{"start":{"line":366,"column":28},"end":{"line":373,"column":30}},"193":{"start":{"line":367,"column":32},"end":{"line":372,"column":33}},"194":{"start":{"line":368,"column":36},"end":{"line":368,"column":71}},"195":{"start":{"line":370,"column":48},"end":{"line":370,"column":78}},"196":{"start":{"line":370,"column":69},"end":{"line":370,"column":77}},"197":{"start":{"line":371,"column":36},"end":{"line":371,"column":67}},"198":{"start":{"line":374,"column":31},"end":{"line":395,"column":25}},"199":{"start":{"line":375,"column":39},"end":{"line":375,"column":96}},"200":{"start":{"line":376,"column":28},"end":{"line":383,"column":30}},"201":{"start":{"line":377,"column":32},"end":{"line":382,"column":33}},"202":{"start":{"line":378,"column":36},"end":{"line":378,"column":65}},"203":{"start":{"line":380,"column":47},"end":{"line":380,"column":76}},"204":{"start":{"line":380,"column":67},"end":{"line":380,"column":75}},"205":{"start":{"line":381,"column":36},"end":{"line":381,"column":66}},"206":{"start":{"line":384,"column":31},"end":{"line":395,"column":25}},"207":{"start":{"line":385,"column":39},"end":{"line":385,"column":100}},"208":{"start":{"line":386,"column":28},"end":{"line":394,"column":30}},"209":{"start":{"line":387,"column":32},"end":{"line":393,"column":33}},"210":{"start":{"line":388,"column":36},"end":{"line":388,"column":65}},"211":{"start":{"line":390,"column":51},"end":{"line":390,"column":84}},"212":{"start":{"line":390,"column":75},"end":{"line":390,"column":83}},"213":{"start":{"line":392,"column":36},"end":{"line":392,"column":70}},"214":{"start":{"line":405,"column":0},"end":{"line":405,"column":23}},"215":{"start":{"line":409,"column":22},"end":{"line":415,"column":6}},"216":{"start":{"line":416,"column":22},"end":{"line":423,"column":5}},"217":{"start":{"line":424,"column":4},"end":{"line":432,"column":7}},"218":{"start":{"line":425,"column":8},"end":{"line":431,"column":9}},"219":{"start":{"line":426,"column":12},"end":{"line":426,"column":44}},"220":{"start":{"line":429,"column":12},"end":{"line":429,"column":64}},"221":{"start":{"line":436,"column":10},"end":{"line":453,"column":2}},"222":{"start":{"line":440,"column":8},"end":{"line":449,"column":10}},"223":{"start":{"line":441,"column":12},"end":{"line":448,"column":13}},"224":{"start":{"line":442,"column":16},"end":{"line":442,"column":37}},"225":{"start":{"line":444,"column":16},"end":{"line":444,"column":45}},"226":{"start":{"line":445,"column":16},"end":{"line":445,"column":32}},"227":{"start":{"line":446,"column":16},"end":{"line":446,"column":28}},"228":{"start":{"line":447,"column":16},"end":{"line":447,"column":31}},"229":{"start":{"line":454,"column":0},"end":{"line":454,"column":12}},"230":{"start":{"line":456,"column":0},"end":{"line":456,"column":24}}},"fnMap":{"0":{"name":"(anonymous_0)","decl":{"start":{"line":23,"column":23},"end":{"line":23,"column":24}},"loc":{"start":{"line":23,"column":48},"end":{"line":31,"column":1}},"line":23},"1":{"name":"(anonymous_1)","decl":{"start":{"line":24,"column":16},"end":{"line":24,"column":17}},"loc":{"start":{"line":24,"column":31},"end":{"line":30,"column":5}},"line":24},"2":{"name":"(anonymous_2)","decl":{"start":{"line":38,"column":20},"end":{"line":38,"column":21}},"loc":{"start":{"line":38,"column":45},"end":{"line":48,"column":1}},"line":38},"3":{"name":"(anonymous_3)","decl":{"start":{"line":40,"column":93},"end":{"line":40,"column":94}},"loc":{"start":{"line":40,"column":108},"end":{"line":47,"column":5}},"line":40},"4":{"name":"(anonymous_4)","decl":{"start":{"line":55,"column":24},"end":{"line":55,"column":25}},"loc":{"start":{"line":55,"column":49},"end":{"line":67,"column":1}},"line":55},"5":{"name":"(anonymous_5)","decl":{"start":{"line":57,"column":115},"end":{"line":57,"column":116}},"loc":{"start":{"line":57,"column":130},"end":{"line":66,"column":5}},"line":57},"6":{"name":"(anonymous_6)","decl":{"start":{"line":71,"column":24},"end":{"line":71,"column":25}},"loc":{"start":{"line":71,"column":49},"end":{"line":83,"column":1}},"line":71},"7":{"name":"(anonymous_7)","decl":{"start":{"line":73,"column":97},"end":{"line":73,"column":98}},"loc":{"start":{"line":73,"column":112},"end":{"line":81,"column":5}},"line":73},"8":{"name":"(anonymous_8)","decl":{"start":{"line":89,"column":22},"end":{"line":89,"column":23}},"loc":{"start":{"line":89,"column":47},"end":{"line":119,"column":1}},"line":89},"9":{"name":"(anonymous_9)","decl":{"start":{"line":92,"column":45},"end":{"line":92,"column":46}},"loc":{"start":{"line":92,"column":77},"end":{"line":118,"column":5}},"line":92},"10":{"name":"(anonymous_10)","decl":{"start":{"line":96,"column":38},"end":{"line":96,"column":39}},"loc":{"start":{"line":96,"column":59},"end":{"line":113,"column":13}},"line":96},"11":{"name":"getnasdaq","decl":{"start":{"line":123,"column":9},"end":{"line":123,"column":18}},"loc":{"start":{"line":123,"column":25},"end":{"line":157,"column":1}},"line":123},"12":{"name":"liststockdata","decl":{"start":{"line":130,"column":13},"end":{"line":130,"column":26}},"loc":{"start":{"line":130,"column":33},"end":{"line":156,"column":5}},"line":130},"13":{"name":"(anonymous_13)","decl":{"start":{"line":131,"column":49},"end":{"line":131,"column":50}},"loc":{"start":{"line":131,"column":81},"end":{"line":155,"column":9}},"line":131},"14":{"name":"(anonymous_14)","decl":{"start":{"line":136,"column":58},"end":{"line":136,"column":59}},"loc":{"start":{"line":136,"column":79},"end":{"line":153,"column":17}},"line":136},"15":{"name":"(anonymous_15)","decl":{"start":{"line":146,"column":35},"end":{"line":146,"column":36}},"loc":{"start":{"line":146,"column":50},"end":{"line":152,"column":21}},"line":146},"16":{"name":"fundsnews","decl":{"start":{"line":161,"column":9},"end":{"line":161,"column":18}},"loc":{"start":{"line":161,"column":21},"end":{"line":196,"column":1}},"line":161},"17":{"name":"(anonymous_17)","decl":{"start":{"line":164,"column":58},"end":{"line":164,"column":59}},"loc":{"start":{"line":164,"column":90},"end":{"line":195,"column":5}},"line":164},"18":{"name":"(anonymous_18)","decl":{"start":{"line":168,"column":33},"end":{"line":168,"column":34}},"loc":{"start":{"line":168,"column":54},"end":{"line":192,"column":13}},"line":168},"19":{"name":"(anonymous_19)","decl":{"start":{"line":183,"column":32},"end":{"line":183,"column":33}},"loc":{"start":{"line":183,"column":47},"end":{"line":191,"column":17}},"line":183},"20":{"name":"currencynews","decl":{"start":{"line":200,"column":9},"end":{"line":200,"column":21}},"loc":{"start":{"line":200,"column":24},"end":{"line":235,"column":1}},"line":200},"21":{"name":"(anonymous_21)","decl":{"start":{"line":202,"column":63},"end":{"line":202,"column":64}},"loc":{"start":{"line":202,"column":95},"end":{"line":234,"column":5}},"line":202},"22":{"name":"(anonymous_22)","decl":{"start":{"line":206,"column":33},"end":{"line":206,"column":34}},"loc":{"start":{"line":206,"column":54},"end":{"line":232,"column":13}},"line":206},"23":{"name":"(anonymous_23)","decl":{"start":{"line":221,"column":36},"end":{"line":221,"column":37}},"loc":{"start":{"line":221,"column":51},"end":{"line":230,"column":17}},"line":221},"24":{"name":"(anonymous_24)","decl":{"start":{"line":244,"column":12},"end":{"line":244,"column":13}},"loc":{"start":{"line":244,"column":31},"end":{"line":287,"column":5}},"line":244},"25":{"name":"(anonymous_25)","decl":{"start":{"line":245,"column":18},"end":{"line":245,"column":19}},"loc":{"start":{"line":245,"column":33},"end":{"line":286,"column":9}},"line":245},"26":{"name":"(anonymous_26)","decl":{"start":{"line":254,"column":38},"end":{"line":254,"column":39}},"loc":{"start":{"line":254,"column":63},"end":{"line":261,"column":29}},"line":254},"27":{"name":"(anonymous_27)","decl":{"start":{"line":258,"column":62},"end":{"line":258,"column":63}},"loc":{"start":{"line":258,"column":69},"end":{"line":258,"column":77}},"line":258},"28":{"name":"(anonymous_28)","decl":{"start":{"line":264,"column":38},"end":{"line":264,"column":39}},"loc":{"start":{"line":264,"column":62},"end":{"line":271,"column":29}},"line":264},"29":{"name":"(anonymous_29)","decl":{"start":{"line":268,"column":60},"end":{"line":268,"column":61}},"loc":{"start":{"line":268,"column":67},"end":{"line":268,"column":75}},"line":268},"30":{"name":"(anonymous_30)","decl":{"start":{"line":274,"column":38},"end":{"line":274,"column":39}},"loc":{"start":{"line":274,"column":66},"end":{"line":281,"column":29}},"line":274},"31":{"name":"(anonymous_31)","decl":{"start":{"line":278,"column":68},"end":{"line":278,"column":69}},"loc":{"start":{"line":278,"column":75},"end":{"line":278,"column":83}},"line":278},"32":{"name":"(anonymous_32)","decl":{"start":{"line":299,"column":12},"end":{"line":299,"column":13}},"loc":{"start":{"line":299,"column":31},"end":{"line":344,"column":5}},"line":299},"33":{"name":"(anonymous_33)","decl":{"start":{"line":300,"column":18},"end":{"line":300,"column":19}},"loc":{"start":{"line":300,"column":33},"end":{"line":343,"column":9}},"line":300},"34":{"name":"(anonymous_34)","decl":{"start":{"line":309,"column":38},"end":{"line":309,"column":39}},"loc":{"start":{"line":309,"column":63},"end":{"line":316,"column":29}},"line":309},"35":{"name":"(anonymous_35)","decl":{"start":{"line":313,"column":62},"end":{"line":313,"column":63}},"loc":{"start":{"line":313,"column":69},"end":{"line":313,"column":77}},"line":313},"36":{"name":"(anonymous_36)","decl":{"start":{"line":319,"column":38},"end":{"line":319,"column":39}},"loc":{"start":{"line":319,"column":62},"end":{"line":326,"column":29}},"line":319},"37":{"name":"(anonymous_37)","decl":{"start":{"line":323,"column":60},"end":{"line":323,"column":61}},"loc":{"start":{"line":323,"column":67},"end":{"line":323,"column":75}},"line":323},"38":{"name":"(anonymous_38)","decl":{"start":{"line":329,"column":38},"end":{"line":329,"column":39}},"loc":{"start":{"line":329,"column":66},"end":{"line":337,"column":29}},"line":329},"39":{"name":"(anonymous_39)","decl":{"start":{"line":333,"column":68},"end":{"line":333,"column":69}},"loc":{"star
[...]
,"type":"binary-expr","locations":[{"start":{"line":93,"column":12},"end":{"line":93,"column":18}},{"start":{"line":93,"column":22},"end":{"line":93,"column":48}}],"line":93},"6":{"loc":{"start":{"line":132,"column":12},"end":{"line":154,"column":13}},"type":"if","locations":[{"start":{"line":132,"column":12},"end":{"line":154,"column":13}},{"start":{"line":132,"column":12},"end":{"line":154,"column":13}}],"line":132},"7":{"loc":{"start":{"line":132,"column":16},"end":{"line":132,"column":52}},"type":"binary-expr","locations":[{"start":{"line":132,"column":16},"end":{"line":132,"column":22}},{"start":{"line":132,"column":26},"end":{"line":132,"column":52}}],"line":132},"8":{"loc":{"start":{"line":147,"column":24},"end":{"line":151,"column":25}},"type":"if","locations":[{"start":{"line":147,"column":24},"end":{"line":151,"column":25}},{"start":{"line":147,"column":24},"end":{"line":151,"column":25}}],"line":147},"9":{"loc":{"start":{"line":149,"column":31},"end":{"line":151,"column":25}},"type":"if","locations":[{"start":{"line":149,"column":31},"end":{"line":151,"column":25}},{"start":{"line":149,"column":31},"end":{"line":151,"column":25}}],"line":149},"10":{"loc":{"start":{"line":165,"column":8},"end":{"line":194,"column":9}},"type":"if","locations":[{"start":{"line":165,"column":8},"end":{"line":194,"column":9}},{"start":{"line":165,"column":8},"end":{"line":194,"column":9}}],"line":165},"11":{"loc":{"start":{"line":165,"column":12},"end":{"line":165,"column":48}},"type":"binary-expr","locations":[{"start":{"line":165,"column":12},"end":{"line":165,"column":18}},{"start":{"line":165,"column":22},"end":{"line":165,"column":48}}],"line":165},"12":{"loc":{"start":{"line":184,"column":20},"end":{"line":189,"column":21}},"type":"if","locations":[{"start":{"line":184,"column":20},"end":{"line":189,"column":21}},{"start":{"line":184,"column":20},"end":{"line":189,"column":21}}],"line":184},"13":{"loc":{"start":{"line":187,"column":27},"end":{"line":189,"column":21}},"type":"if","locations":[{"start":{"line":187,"column":27},"end":{"line":189,"column":21}},{"start":{"line":187,"column":27},"end":{"line":189,"column":21}}],"line":187},"14":{"loc":{"start":{"line":203,"column":8},"end":{"line":233,"column":9}},"type":"if","locations":[{"start":{"line":203,"column":8},"end":{"line":233,"column":9}},{"start":{"line":203,"column":8},"end":{"line":233,"column":9}}],"line":203},"15":{"loc":{"start":{"line":203,"column":12},"end":{"line":203,"column":48}},"type":"binary-expr","locations":[{"start":{"line":203,"column":12},"end":{"line":203,"column":18}},{"start":{"line":203,"column":22},"end":{"line":203,"column":48}}],"line":203},"16":{"loc":{"start":{"line":222,"column":20},"end":{"line":228,"column":21}},"type":"if","locations":[{"start":{"line":222,"column":20},"end":{"line":228,"column":21}},{"start":{"line":222,"column":20},"end":{"line":228,"column":21}}],"line":222},"17":{"loc":{"start":{"line":225,"column":27},"end":{"line":228,"column":21}},"type":"if","locations":[{"start":{"line":225,"column":27},"end":{"line":228,"column":21}},{"start":{"line":225,"column":27},"end":{"line":228,"column":21}}],"line":225},"18":{"loc":{"start":{"line":246,"column":12},"end":{"line":285,"column":13}},"type":"if","locations":[{"start":{"line":246,"column":12},"end":{"line":285,"column":13}},{"start":{"line":246,"column":12},"end":{"line":285,"column":13}}],"line":246},"19":{"loc":{"start":{"line":250,"column":20},"end":{"line":283,"column":21}},"type":"if","locations":[{"start":{"line":250,"column":20},"end":{"line":283,"column":21}},{"start":{"line":250,"column":20},"end":{"line":283,"column":21}}],"line":250},"20":{"loc":{"start":{"line":252,"column":24},"end":{"line":282,"column":25}},"type":"if","locations":[{"start":{"line":252,"column":24},"end":{"line":282,"column":25}},{"start":{"line":252,"column":24},"end":{"line":282,"column":25}}],"line":252},"21":{"loc":{"start":{"line":255,"column":32},"end":{"line":260,"column":33}},"type":"if","locations":[{"start":{"line":255,"column":32},"end":{"line":260,"column":33}},{"start":{"line":255,"column":32},"end":{"line":260,"column":33}}],"line":255},"22":{"loc":{"start":{"line":262,"column":31},"end":{"line":282,"column":25}},"type":"if","locations":[{"start":{"line":262,"column":31},"end":{"line":282,"column":25}},{"start":{"line":262,"column":31},"end":{"line":282,"column":25}}],"line":262},"23":{"loc":{"start":{"line":265,"column":32},"end":{"line":270,"column":33}},"type":"if","locations":[{"start":{"line":265,"column":32},"end":{"line":270,"column":33}},{"start":{"line":265,"column":32},"end":{"line":270,"column":33}}],"line":265},"24":{"loc":{"start":{"line":272,"column":31},"end":{"line":282,"column":25}},"type":"if","locations":[{"start":{"line":272,"column":31},"end":{"line":282,"column":25}},{"start":{"line":272,"column":31},"end":{"line":282,"column":25}}],"line":272},"25":{"loc":{"start":{"line":275,"column":32},"end":{"line":280,"column":33}},"type":"if","locations":[{"start":{"line":275,"column":32},"end":{"line":280,"column":33}},{"start":{"line":275,"column":32},"end":{"line":280,"column":33}}],"line":275},"26":{"loc":{"start":{"line":301,"column":12},"end":{"line":342,"column":13}},"type":"if","locations":[{"start":{"line":301,"column":12},"end":{"line":342,"column":13}},{"start":{"line":301,"column":12},"end":{"line":342,"column":13}}],"line":301},"27":{"loc":{"start":{"line":305,"column":20},"end":{"line":340,"column":21}},"type":"if","locations":[{"start":{"line":305,"column":20},"end":{"line":340,"column":21}},{"start":{"line":305,"column":20},"end":{"line":340,"column":21}}],"line":305},"28":{"loc":{"start":{"line":307,"column":24},"end":{"line":338,"column":25}},"type":"if","locations":[{"start":{"line":307,"column":24},"end":{"line":338,"column":25}},{"start":{"line":307,"column":24},"end":{"line":338,"column":25}}],"line":307},"29":{"loc":{"start":{"line":310,"column":32},"end":{"line":315,"column":33}},"type":"if","locations":[{"start":{"line":310,"column":32},"end":{"line":315,"column":33}},{"start":{"line":310,"column":32},"end":{"line":315,"column":33}}],"line":310},"30":{"loc":{"start":{"line":317,"column":31},"end":{"line":338,"column":25}},"type":"if","locations":[{"start":{"line":317,"column":31},"end":{"line":338,"column":25}},{"start":{"line":317,"column":31},"end":{"line":338,"column":25}}],"line":317},"31":{"loc":{"start":{"line":320,"column":32},"end":{"line":325,"column":33}},"type":"if","locations":[{"start":{"line":320,"column":32},"end":{"line":325,"column":33}},{"start":{"line":320,"column":32},"end":{"line":325,"column":33}}],"line":320},"32":{"loc":{"start":{"line":327,"column":31},"end":{"line":338,"column":25}},"type":"if","locations":[{"start":{"line":327,"column":31},"end":{"line":338,"column":25}},{"start":{"line":327,"column":31},"end":{"line":338,"column":25}}],"line":327},"33":{"loc":{"start":{"line":330,"column":32},"end":{"line":336,"column":33}},"type":"if","locations":[{"start":{"line":330,"column":32},"end":{"line":336,"column":33}},{"start":{"line":330,"column":32},"end":{"line":336,"column":33}}],"line":330},"34":{"loc":{"start":{"line":358,"column":12},"end":{"line":398,"column":13}},"type":"if","locations":[{"start":{"line":358,"column":12},"end":{"line":398,"column":13}},{"start":{"line":358,"column":12},"end":{"line":398,"column":13}}],"line":358},"35":{"loc":{"start":{"line":363,"column":20},"end":{"line":396,"column":21}},"type":"if","locations":[{"start":{"line":363,"column":20},"end":{"line":396,"column":21}},{"start":{"line":363,"column":20},"end":{"line":396,"column":21}}],"line":363},"36":{"loc":{"start":{"line":364,"column":24},"end":{"line":395,"column":25}},"type":"if","locations":[{"start":{"line":364,"column":24},"end":{"line":395,"column":25}},{"start":{"line":364,"column":24},"end":{"line":395,"column":25}}],"line":364},"37":{"loc":{"start":{"line":367,"column":32},"end":{"line":372,"column":33}},"type":"if","locations":[{"start":{"line":367,"column":32},"end":{"line":372,"column":33}},{"start":{"line":367,"column":32},"end":{"line":372,"column":33}}],"line":367},"38":{"loc":{"start":{"line":374,"column":31},"end":{"line":395,"column":25}},"type":"if","locations":[{"start":{"line":374,"column":31},"end":{"line":395,"column":25}},{"start":{"line":374,"column":31},"end":{"line":395,"column":25}}],"line":374},"39":{"loc":{"start":{"line":377,"column":32},"end":{"line":382,"column":33}},"type":"if","locations":[{"start":{"line":377,"column":32},"end":{"line":382,"column":33}},{"start":{"line":377,"column":32},"end":{"line":382,"column":33}}],"line":377},"40":{"loc":{"start":{"line":384,"column":31},"end":{"line":395,"column":25}},"type":"if","locations":[{"start":{"line":384,"column":31},"end":{"line":395,"column":25}},{"start":{"line":384,"column":31},"end":{"line":395,"column":25}}],"line":384},"41":{"loc":{"start":{"line":387,"column":32},"end":{"line":393,"column":33}},"type":"if","locations":[{"start":{"line":387,"column":32},"end":{"line":393,"column":33}},{"start":{"line":387,"column":32},"end":{"line":393,"column":33}}],"line":387},"42":{"loc":{"start":{"line":425,"column":8},"end":{"line":431,"column":9}},"type":"if","locations":[{"start":{"line":425,"column":8},"end":{"line":431,"column":9}},{"start":{"line":425,"column":8},"end":{"line":431,"column":9}}],"line":425},"43":{"loc":{"start":{"line":441,"column":12},"end":{"line":448,"column":13}},"type":"if","locations":[{"start":{"line":441,"column":12},"end":{"line":448,"column":13}},{"start":{"line":441,"column":12},"end":{"line":448,"column":13}}],"line":441}},"s":{"0":1,"1":1,"2":1,"3":1,"4":1,"5":1,"6":1,"7":1,"8":1,"9":1,"10":1,"11":1,"12":1,"13":1,"14":1,"15":1,"16":1,"17":2,"18":2,"19":0,"20":2,"21":1,"22":2,"23":2,"24":2,"25":0,"26":2,"27":1,"28":2,"29":2,"30":2,"31":0,"32":2,"33":1,"34":2,"35":2,"36":2,"37":0,"38":2,"39":1,"40":0,"41":0,"42":0,"43":0,"44":0,"45":0,"46":0,"47":0,"48":0,"49":0,"50":0,"51":0,"52":0,"53":0,"54":0,"55":0,"56":0,"57":0,"58":0,"59":0,"60":0,"61":0,"62":0,"63":0,"64":0,"65":0,"66":0,"67":0,"68":0,"69":0,"70":0,"71":0,"72":0,"73":0,"74":0,"75":0,"76":0,"77":0,"78":0,"79":0,"80":0,"81":0,"82":0,"83":0,"84":0,"85":0,"86":0,"87":0,"88":0,"89":0,"90":0,"91":0,"92":0,"93":0,"94":0,"95":0,"96":0,"97":0,"98":0,"99":0,"100":0,"101":0,"102":0,"103":0,"104":0,"105":0,"106":0,"107":0,"108":0,"109":0,"110":0,"111":0,"112":0,"113":0,"114":0,"115":0,"116":0,"117":0,"118":0,"119":1,"120":0,"121":0,"122":0,"123":0,"124":0,"125":0,"126":0,"127":0,"128":0,"129":0,"130":0,"131":0,"132":0,"133":0,"134":0,"135":0,"136":0,"137":0,"138":0,"139":0,"140":0,"141":0,"142":0,"143":0,"144":0,"145":0,"146":0,"147":0,"148":0,"149":0,"150":1,"151":1,"152":0,"153":0,"154":0,"155":0,"156":0,"157":0,"158":0,"159":0,"160":0,"161":0,"162":0,"163":0,"164":0,"165":0,"166":0,"167":0,"168":0,"169":0,"170":0,"171":0,"172":0,"173":0,"174":0,"175":0,"176":0,"177":0,"178":0,"179":0,"180":0,"181":0,"182":1,"183":1,"184":0,"185":0,"186":0,"187":0,"188":0,"189":0,"190":0,"191":0,"192":0,"193":0,"194":0,"195":0,"196":0,"197":0,"198":0,"199":0,"200":0,"201":0,"202":0,"203":0,"204":0,"205":0,"206":0,"207":0,"208":0,"209":0,"210":0,"211":0,"212":0,"213":0,"214":1,"215":0,"216":0,"217":0,"218":0,"219":0,"220":0,"221":1,"222":0,"223":0,"224":0,"225":0,"226":0,"227":0,"228":0,"229":1,"230":1},"f":{"0":2,"1":2,"2":2,"3":2,"4":2,"5":2,"6":2,"7":2,"8":0,"9":0,"10":0,"11":0,"12":0,"13":0,"14":0,"15":0,"16":0,"17":0,"18":0,"19":0,"20":0,"21":0,"22":0,"23":0,"24":0,"25":0,"26":0,"27":0,"28":0,"29":0,"30":0,"31":0,"32":0,"33":0,"34":0,"35":0,"36":0,"37":0,"38":0,"39":0,"40":0,"41":0,"42":0,"43":0,"44":0,"45":0,"46":0,"47":0,"48":0,"49":0,"50":0,"51":0},"b":{"0":[0,2],"1":[0,2],"2":[0,2],"3":[0,2],"4":[0,0],"5":[0,0],"6":[0,0],"7":[0,0],"8":[0,0],"9":[0,0],"10":[0,0],"11":[0,0],"12":[0,0],"13":[0,0],"14":[0,0],"15":[0,0],"16":[0,0],"17":[0,0],"18":[0,0],"19":[0,0],"20":[0,0],"21":[0,0],"22":[0,0],"23":[0,0],"24":[0,0],"25":[0,0],"26":[0,0],"27":[0,0],"28":[0,0],"29":[0,0],"30":[0,0],"31":[0,0],"32":[0,0],"33":[0,0],"34":[0,0],"35":[0,0],"36":[0,0],"37":[0,0],"38":[0,0],"39":[0,0],"40":[0,0],"41":[0,0],"42":[0,0],"43":[0,0]},"_coverageSchema":"332fd63041d2c1bcb487cc26dd0d5f7d97098a6c","hash":"cdc3de21d211613b2294792b1099739db1361ae6","contentHash":"ed8740827e3fa66f9782f60e207516a9_11.2.1"},"/home/traning/Videos/Personalized-Emailer/projectPmMailer /server/express/models/currencymodel.js":{"path":"/home/traning/Videos/Personalized-Emailer/projectPmMailer /server/express/models/currencymodel.js","statementMap":{"0":{"start":{"line":2,"column":17},"end":{"line":2,"column":36}},"1":{"start":{"line":3,"column":15},"end":{"line":3,"column":30}},"2":{"start":{"line":6,"column":23},"end":{"line":14,"column":30}},"3":{"start":{"line":16,"column":20},"end":{"line":16,"column":62}},"4":{"start":{"line":18,"column":0},"end":{"line":18,"column":31}}},"fnMap":{},"branchMap":{},"s":{"0":1,"1":1,"2":1,"3":1,"4":1},"f":{},"b":{},"_coverageSchema":"332fd63041d2c1bcb487cc26dd0d5f7d97098a6c","hash":"683fc4e6c9b94cf00c71dfe24290251f5b9665e5","contentHash":"6d8a6d582fabaeec7e89a71f1fcb29f1_11.2.1"},"/home/traning/Videos/Personalized-Emailer/projectPmMailer /server/express/models/stock.js":{"path":"/home/traning/Videos/Personalized-Emailer/projectPmMailer /server/express/models/stock.js","statementMap":{"0":{"start":{"line":2,"column":17},"end":{"line":2,"column":36}},"1":{"start":{"line":3,"column":15},"end":{"line":3,"column":30}},"2":{"start":{"line":6,"column":20},"end":{"line":12,"column":27}},"3":{"start":{"line":14,"column":16},"end":{"line":14,"column":52}},"4":{"start":{"line":16,"column":0},"end":{"line":16,"column":27}}},"fnMap":{},"branchMap":{},"s":{"0":1,"1":1,"2":1,"3":1,"4":1},"f":{},"b":{},"_coverageSchema":"332fd63041d2c1bcb487cc26dd0d5f7d97098a6c","hash":"4dcecf14c70507a52624224f72dfeb54477b334d","contentHash":"d71115975bcd1086913d6c040104f34b_11.2.1"},"/home/traning/Videos/Personalized-Emailer/projectPmMailer /server/express/models/nasdaq.js":{"path":"/home/traning/Videos/Personalized-Emailer/projectPmMailer /server/express/models/nasdaq.js","statementMap":{"0":{"start":{"line":2,"column":17},"end":{"line":2,"column":36}},"1":{"start":{"line":3,"column":15},"end":{"line":3,"column":30}},"2":{"start":{"line":6,"column":21},"end":{"line":11,"column":28}},"3":{"start":{"line":13,"column":17},"end":{"line":13,"column":55}},"4":{"start":{"line":15,"column":0},"end":{"line":15,"column":28}}},"fnMap":{},"branchMap":{},"s":{"0":1,"1":1,"2":1,"3":1,"4":1},"f":{},"b":{},"_coverageSchema":"332fd63041d2c1bcb487cc26dd0d5f7d97098a6c","hash":"5e04d982c5d759d7efe20abed86f05970686e703","contentHash":"0eb33796bdc8743c357918b6d77b92df_11.2.1"},"/home/traning/Videos/Personalized-Emailer/projectPmMailer /server/express/models/fundsmodel.js":{"path":"/home/traning/Videos/Personalized-Emailer/projectPmMailer /server/express/models/fundsmodel.js","statementMap":{"0":{"start":{"line":2,"column":17},"end":{"line":2,"column":36}},"1":{"start":{"line":3,"column":15},"end":{"line":3,"column":30}},"2":{"start":{"line":6,"column":19},"end":{"line":13,"column":26}},"3":{"start":{"line":15,"column":16},"end":{"line":15,"column":50}},"4":{"start":{"line":17,"column":0},"end":{"line":17,"column":27}}},"fnMap":{},"branchMap":{},"s":{"0":1,"1":1,"2":1,"3":1,"4":1},"f":{},"b":{},"_coverageSchema":"332fd63041d2c1bcb487cc26dd0d5f7d97098a6c","hash":"4adc2add5ad636dd7c944b5b2c5e1f5b42e186b7","contentHash":"4240e357d748c66febdfa6c4e6651dd6_11.2.1"},"/home/traning/Videos/Personalized-Emailer/projectPmMailer /server/express/routes/tweets.js":{"path":"/home/traning/Videos/Personalized-Emailer/projectPmMailer /server/express/routes/tweets.js","statementMap":{"0":{"start":{"line":1,"column":14},"end":{"line":1,"column":32}},"1":{"start":{"line":2,"column":13},"end":{"line":2,"column":29}},"2":{"start":{"line":3,"column":11},"end":{"line":3,"column":26}},"3":{"start":{"line":5,"column":13},"end":{"line":5,"column":45}},"4":{"start":{"line":8,"column":14},"end":{"line":8,"column":38}},"5":{"start":{"line":9,"column":15},"end":{"line":9,"column":48}},"6":{"start":{"line":11,"column":18},"end":{"line":11,"column":20}},"7":{"start":{"line":12,"column":16},"end":{"line":12,"column":19}},"8":{"start":{"line":13,"column":17},"end":{"line":13,"column":34}},"9":{"start":{"line":14,"column":24},"end":{"line":14,"column":48}},"10":{"start":{"line":18,"column":0},"end":{"line":69,"column":3}},"11":{"start":{"line":20,"column":23},"end":{"line":20,"column":25}},"12":{"start":{"line":21,"column":17},"end":{"line":21,"column":19}},"13":{"start":{"line":22,"column":17},"end":{"line":25,"column":9}},"14":{"start":{"line":28,"column":4},"end":{"line":30,"column":5}},"15":{"start":{"line":29,"column":8},"end":{"line":29,"column":41}},"16":{"start":{"line":33,"column":4},"end":{"line":40,"column":7}},"17":{"start":{"line":34,"column":8},"end":{"line":34,"column":22}},"18":{"start":{"line":35,"column":16},"end":{"line":35,"column":17}},"19":{"start":{"line":36,"column":18},"end":{"line":36,"column":31}},"20":{"start":{"line":37,"column":8},"end":{"line":39,"column":9}},"21":{"start":{"line":38,"column":12},"end":{"line":38,"column":33}},"22":{"start":{"line":48,"column":21},"end":{"line":53,"column":9}},"23":{"start":{"line":56,"column":8},"end":{"line":67,"column":11}},"24":{"start":{"line":57,"column":12},"end":{"line":57,"column":32}},"25":{"start":{"line":58,"column":12},"end":{"line":58,"column":37}},"26":{"start":{"line":59,"column":12},"end":{"line":59,"column":39}},"27":{"start":{"line":62,"column":12},"end":{"line":66,"column":13}},"28":{"start":{"line":63,"column":16},"end":{"line":63,"column":66}},"29":{"start":{"line":64,"column":16},"end":{"line":64,"column":39}},"30":{"start":{"line":71,"column":0},"end":{"line":71,"column":24}}},"fnMap":{"0":{"name":"(anonymous_0)","decl":{"start":{"line":18,"column":35},"end":{"line":18,"column":36}},"loc":{"start":{"line":18,"column":54},"end":{"line":69,"column":1}},"line":18},"1":{"name":"(anonymous_1)","decl":{"start":{"line":33,"column":43},"end":{"line":33,"column":44}},"loc":{"start":{"line":33,"column":69},"end":{"line":40,"column":5}},"line":33},"2":{"name":"getOEmbed","decl":{"start":{"line":45,"column":13},"end":{"line":45,"column":22}},"loc":{"start":{"line":45,"column":30},"end":{"line":68,"column":5}},"line":45},"3":{"name":"(anonymous_3)","decl":{"start":{"line":56,"column":41},"end":{"line":56,"column":42}},"loc":{"start":{"line":56,"column":67},"end":{"line":67,"column":9}},"line":56}},"branchMap":{"0":{"loc":{"start":{"line":28,"column":4},"end":{"line":30,"column":5}},"type":"if","locations":[{"start":{"line":28,"column":4},"end":{"line":30,"column":5}},{"start":{"line":28,"column":4},"end":{"line":30,"column":5}}],"line":28},"1":{"loc":{"start":{"line":62,"column":12},"end":{"line":66,"column":13}},"type":"if","locations":[{"start":{"line":62,"column":12},"end":{"line":66,"column":13}},{"start":{"line":62,"column":12},"end":{"line":66,"column":13}}],"line":62}},"s":{"0":1,"1":1,"2":1,"3":1,"4":1,"5":1,"6":1,"7":1,"8":1,"9":1,"10":1,"11":2,"12":2,"13":2,"14":2,"15":0,"16":2,"17":1,"18":1,"19":1,"20":1,"21":0,"22":0,"23":0,"24":0,"25":0,"26":0,"27":0,"28":0,"29":0,"30":1},"f":{"0":2,"1":1,"2":0,"3":0},"b":{"0":[0,2],"1":[0,0]},"_coverageSchema":"332fd63041d2c1bcb487cc26dd0d5f7d97098a6c","hash":"334b23bc2635ecea628a9d3224116839dcdeec01","contentHash":"09f8a8e16e7cdd0cd6d5ad4ff094c960_11.2.1"},"/home/traning/Videos/Personalized-Emailer/projectPmMailer /server/express/config/tweetconfig.js":{"path":"/home/traning/Videos/Personalized-Emailer/projectPmMailer /server/express/config/tweetconfig.js","statementMap":{"0":{"start":{"line":1,"column":0},"end":{"line":10,"column":2}}},"fnMap":{},"branchMap":{},"s":{"0":1},"f":{},"b":{},"_coverageSchema":"332fd63041d2c1bcb487cc26dd0d5f7d97098a6c","hash":"75ca01d3c334c62aed95a883fb4c20412cb411fc","contentHash":"7fee25e45aae38a1d495f846659c632a_11.2.1"}}